# Logfile created on 2016-10-23 15:01:28 +0000 by logger.rb/44203
[2016-10-23T15:01:28+00:00] INFO: Started chef-zero at chefzero://localhost:8889 with repository at /opt/gitlab/embedded
  One version per cookbook

[2016-10-23T15:01:28+00:00] INFO: Forking chef instance to converge...
[2016-10-23T15:01:28+00:00] INFO: *** Chef 12.6.0 ***
[2016-10-23T15:01:28+00:00] INFO: Chef-client pid: 33
[2016-10-23T15:01:30+00:00] WARN: unable to detect ipaddress
[2016-10-23T15:01:30+00:00] INFO: HTTP Request Returned 404 Not Found: Object not found: chefzero://localhost:8889/nodes/7ffb0bd9015c
[2016-10-23T15:01:30+00:00] INFO: Setting the run_list to ["recipe[gitlab]"] from CLI options
[2016-10-23T15:01:30+00:00] INFO: Run List is [recipe[gitlab]]
[2016-10-23T15:01:30+00:00] INFO: Run List expands to [gitlab]
[2016-10-23T15:01:30+00:00] INFO: Starting Chef Run for 7ffb0bd9015c
[2016-10-23T15:01:30+00:00] INFO: Running start handlers
[2016-10-23T15:01:30+00:00] INFO: Start handlers complete.
[2016-10-23T15:01:30+00:00] INFO: HTTP Request Returned 404 Not Found: Object not found: 
[2016-10-23T15:01:31+00:00] INFO: Loading cookbooks [gitlab@0.0.1, runit@0.14.2, package@0.0.0]
[2016-10-23T15:01:31+00:00] INFO: Storing updated cookbooks/gitlab/recipes/mailroom.rb in the cache.
[2016-10-23T15:01:31+00:00] INFO: Storing updated cookbooks/gitlab/recipes/gitlab-rails.rb in the cache.
[2016-10-23T15:01:31+00:00] INFO: Storing updated cookbooks/gitlab/recipes/redis.rb in the cache.
[2016-10-23T15:01:31+00:00] INFO: Storing updated cookbooks/gitlab/recipes/ci-unicorn_disable.rb in the cache.
[2016-10-23T15:01:31+00:00] INFO: Storing updated cookbooks/gitlab/recipes/remote-syslog.rb in the cache.
[2016-10-23T15:01:31+00:00] INFO: Storing updated cookbooks/gitlab/recipes/mailroom_disable.rb in the cache.
[2016-10-23T15:01:31+00:00] INFO: Storing updated cookbooks/gitlab/recipes/bootstrap.rb in the cache.
[2016-10-23T15:01:31+00:00] INFO: Storing updated cookbooks/gitlab/recipes/database_migrations.rb in the cache.
[2016-10-23T15:01:31+00:00] INFO: Storing updated cookbooks/gitlab/recipes/registry.rb in the cache.
[2016-10-23T15:01:31+00:00] INFO: Storing updated cookbooks/gitlab/recipes/gitlab-workhorse.rb in the cache.
[2016-10-23T15:01:31+00:00] INFO: Storing updated cookbooks/gitlab/recipes/ci-redis.rb in the cache.
[2016-10-23T15:01:31+00:00] INFO: Storing updated cookbooks/gitlab/recipes/remote-syslog_disable.rb in the cache.
[2016-10-23T15:01:31+00:00] INFO: Storing updated cookbooks/gitlab/recipes/postgresql.rb in the cache.
[2016-10-23T15:01:31+00:00] INFO: Storing updated cookbooks/gitlab/recipes/gitlab-shell.rb in the cache.
[2016-10-23T15:01:31+00:00] INFO: Storing updated cookbooks/gitlab/recipes/logrotate_disable.rb in the cache.
[2016-10-23T15:01:31+00:00] INFO: Storing updated cookbooks/gitlab/recipes/registry_disable.rb in the cache.
[2016-10-23T15:01:31+00:00] INFO: Storing updated cookbooks/gitlab/recipes/add_trusted_certs.rb in the cache.
[2016-10-23T15:01:31+00:00] INFO: Storing updated cookbooks/gitlab/recipes/gitlab-pages_disable.rb in the cache.
[2016-10-23T15:01:31+00:00] INFO: Storing updated cookbooks/gitlab/recipes/bootstrap_disable.rb in the cache.
[2016-10-23T15:01:31+00:00] INFO: Storing updated cookbooks/gitlab/recipes/ci-unicorn.rb in the cache.
[2016-10-23T15:01:31+00:00] INFO: Storing updated cookbooks/gitlab/recipes/selinux.rb in the cache.
[2016-10-23T15:01:31+00:00] INFO: Storing updated cookbooks/gitlab/recipes/remove_accounts.rb in the cache.
[2016-10-23T15:01:31+00:00] INFO: Storing updated cookbooks/gitlab/recipes/logrotate.rb in the cache.
[2016-10-23T15:01:31+00:00] INFO: Storing updated cookbooks/gitlab/recipes/unicorn.rb in the cache.
[2016-10-23T15:01:31+00:00] INFO: Storing updated cookbooks/gitlab/recipes/nginx_disable.rb in the cache.
[2016-10-23T15:01:31+00:00] INFO: Storing updated cookbooks/gitlab/recipes/web-server.rb in the cache.
[2016-10-23T15:01:31+00:00] INFO: Storing updated cookbooks/gitlab/recipes/ci-redis_disable.rb in the cache.
[2016-10-23T15:01:31+00:00] INFO: Storing updated cookbooks/gitlab/recipes/unicorn_disable.rb in the cache.
[2016-10-23T15:01:31+00:00] INFO: Storing updated cookbooks/gitlab/recipes/postgresql_disable.rb in the cache.
[2016-10-23T15:01:31+00:00] INFO: Storing updated cookbooks/gitlab/recipes/gitlab-workhorse_disable.rb in the cache.
[2016-10-23T15:01:31+00:00] INFO: Storing updated cookbooks/gitlab/recipes/redis_disable.rb in the cache.
[2016-10-23T15:01:31+00:00] INFO: Storing updated cookbooks/gitlab/recipes/show_config.rb in the cache.
[2016-10-23T15:01:31+00:00] INFO: Storing updated cookbooks/gitlab/recipes/ci-sidekiq_disable.rb in the cache.
[2016-10-23T15:01:31+00:00] INFO: Storing updated cookbooks/gitlab/recipes/users.rb in the cache.
[2016-10-23T15:01:31+00:00] INFO: Storing updated cookbooks/gitlab/recipes/mattermost_disable.rb in the cache.
[2016-10-23T15:01:31+00:00] INFO: Storing updated cookbooks/gitlab/recipes/default.rb in the cache.
[2016-10-23T15:01:31+00:00] INFO: Storing updated cookbooks/gitlab/definitions/template_symlink.rb in the cache.
[2016-10-23T15:01:31+00:00] INFO: Storing updated cookbooks/gitlab/recipes/gitlab-pages.rb in the cache.
[2016-10-23T15:01:31+00:00] INFO: Storing updated cookbooks/gitlab/definitions/env_dir.rb in the cache.
[2016-10-23T15:01:31+00:00] INFO: Storing updated cookbooks/gitlab/definitions/redis_service.rb in the cache.
[2016-10-23T15:01:31+00:00] INFO: Storing updated cookbooks/gitlab/recipes/gitlab-ci-proxying.rb in the cache.
[2016-10-23T15:01:31+00:00] INFO: Storing updated cookbooks/gitlab/recipes/ci-sidekiq.rb in the cache.
[2016-10-23T15:01:31+00:00] INFO: Storing updated cookbooks/gitlab/recipes/mattermost.rb in the cache.
[2016-10-23T15:01:31+00:00] INFO: Storing updated cookbooks/gitlab/libraries/gitlab.rb in the cache.
[2016-10-23T15:01:31+00:00] INFO: Storing updated cookbooks/gitlab/definitions/account.rb in the cache.
[2016-10-23T15:01:31+00:00] INFO: Storing updated cookbooks/gitlab/definitions/unicorn_config.rb in the cache.
[2016-10-23T15:01:31+00:00] INFO: Storing updated cookbooks/gitlab/definitions/sidekiq_service.rb in the cache.
[2016-10-23T15:01:31+00:00] INFO: Storing updated cookbooks/gitlab/recipes/sidekiq_disable.rb in the cache.
[2016-10-23T15:01:31+00:00] INFO: Storing updated cookbooks/gitlab/recipes/nginx.rb in the cache.
[2016-10-23T15:01:31+00:00] INFO: Storing updated cookbooks/gitlab/recipes/cron.rb in the cache.
[2016-10-23T15:01:31+00:00] INFO: Storing updated cookbooks/gitlab/templates/default/logrotate.conf.erb in the cache.
[2016-10-23T15:01:31+00:00] INFO: Storing updated cookbooks/gitlab/templates/default/sv-mattermost-log-config.erb in the cache.
[2016-10-23T15:01:31+00:00] INFO: Storing updated cookbooks/gitlab/templates/default/sv-postgresql-run.erb in the cache.
[2016-10-23T15:01:31+00:00] INFO: Storing updated cookbooks/gitlab/recipes/sidekiq.rb in the cache.
[2016-10-23T15:01:31+00:00] INFO: Storing updated cookbooks/gitlab/templates/default/nginx-gitlab-ci-http.conf.erb in the cache.
[2016-10-23T15:01:31+00:00] INFO: Storing updated cookbooks/gitlab/templates/default/sv-mattermost-run.erb in the cache.
[2016-10-23T15:01:31+00:00] INFO: Storing updated cookbooks/gitlab/templates/default/sv-sidekiq-run.erb in the cache.
[2016-10-23T15:01:31+00:00] INFO: Storing updated cookbooks/gitlab/definitions/sysctl.rb in the cache.
[2016-10-23T15:01:31+00:00] INFO: Storing updated cookbooks/gitlab/libraries/helper.rb in the cache.
[2016-10-23T15:01:31+00:00] INFO: Storing updated cookbooks/gitlab/definitions/unicorn_service.rb in the cache.
[2016-10-23T15:01:31+00:00] INFO: Storing updated cookbooks/gitlab/libraries/account_helper.rb in the cache.
[2016-10-23T15:01:31+00:00] INFO: Storing updated cookbooks/gitlab/templates/default/sv-remote-syslog-log-config.erb in the cache.
[2016-10-23T15:01:31+00:00] INFO: Storing updated cookbooks/gitlab/files/default/mail_room.yml in the cache.
[2016-10-23T15:01:31+00:00] INFO: Storing updated cookbooks/gitlab/templates/default/sv-sidekiq-log-config.erb in the cache.
[2016-10-23T15:01:31+00:00] INFO: Storing updated cookbooks/gitlab/templates/default/pg_hba.conf.erb in the cache.
[2016-10-23T15:01:31+00:00] INFO: Storing updated cookbooks/gitlab/templates/default/smtp_settings.rb.erb in the cache.
[2016-10-23T15:01:31+00:00] INFO: Storing updated cookbooks/gitlab/templates/default/sv-logrotate-log-run.erb in the cache.
[2016-10-23T15:01:31+00:00] INFO: Storing updated cookbooks/gitlab/templates/default/secret_token.erb in the cache.
[2016-10-23T15:01:31+00:00] INFO: Storing updated cookbooks/gitlab/templates/default/unicorn.rb.erb in the cache.
[2016-10-23T15:01:31+00:00] INFO: Storing updated cookbooks/gitlab/templates/default/sv-redis-log-run.erb in the cache.
[2016-10-23T15:01:31+00:00] INFO: Storing updated cookbooks/gitlab/attributes/default.rb in the cache.
[2016-10-23T15:01:31+00:00] INFO: Storing updated cookbooks/gitlab/templates/default/sv-nginx-run.erb in the cache.
[2016-10-23T15:01:31+00:00] INFO: Storing updated cookbooks/gitlab/templates/default/sv-gitlab-pages-log-config.erb in the cache.
[2016-10-23T15:01:31+00:00] INFO: Storing updated cookbooks/gitlab/templates/default/logrotate-service.erb in the cache.
[2016-10-23T15:01:31+00:00] INFO: Storing updated cookbooks/gitlab/templates/default/resque.yml.erb in the cache.
[2016-10-23T15:01:31+00:00] INFO: Storing updated cookbooks/gitlab/templates/default/sv-mailroom-log-run.erb in the cache.
[2016-10-23T15:01:31+00:00] INFO: Storing updated cookbooks/gitlab/templates/default/sv-mattermost-log-run.erb in the cache.
[2016-10-23T15:01:31+00:00] INFO: Storing updated cookbooks/gitlab/templates/default/registry-config.yml.erb in the cache.
[2016-10-23T15:01:31+00:00] INFO: Storing updated cookbooks/gitlab/templates/default/sv-gitlab-workhorse-run.erb in the cache.
[2016-10-23T15:01:31+00:00] INFO: Storing updated cookbooks/gitlab/templates/default/gitlab-psql-rc.erb in the cache.
[2016-10-23T15:01:31+00:00] INFO: Storing updated cookbooks/gitlab/templates/default/sv-registry-log-run.erb in the cache.
[2016-10-23T15:01:31+00:00] INFO: Storing updated cookbooks/gitlab/templates/default/sv-mailroom-log-config.erb in the cache.
[2016-10-23T15:01:31+00:00] INFO: Storing updated cookbooks/gitlab/templates/default/sv-registry-run.erb in the cache.
[2016-10-23T15:01:31+00:00] INFO: Storing updated cookbooks/gitlab/templates/default/sv-unicorn-log-config.erb in the cache.
[2016-10-23T15:01:31+00:00] INFO: Storing updated cookbooks/gitlab/templates/default/gitlab.yml.erb in the cache.
[2016-10-23T15:01:31+00:00] INFO: Storing updated cookbooks/gitlab/templates/default/sv-unicorn-control-t.erb in the cache.
[2016-10-23T15:01:31+00:00] INFO: Storing updated cookbooks/gitlab/templates/default/database.yml.erb in the cache.
[2016-10-23T15:01:31+00:00] INFO: Storing updated cookbooks/gitlab/templates/default/secrets.yml.erb in the cache.
[2016-10-23T15:01:31+00:00] INFO: Storing updated cookbooks/gitlab/templates/default/sv-logrotate-log-config.erb in the cache.
[2016-10-23T15:01:31+00:00] INFO: Storing updated cookbooks/gitlab/templates/default/gitlab-rails-rc.erb in the cache.
[2016-10-23T15:01:31+00:00] INFO: Storing updated cookbooks/gitlab/templates/default/postgresql.conf.erb in the cache.
[2016-10-23T15:01:31+00:00] INFO: Storing updated cookbooks/gitlab/templates/default/rack_attack.rb.erb in the cache.
[2016-10-23T15:01:31+00:00] INFO: Storing updated cookbooks/gitlab/templates/default/redis.conf.erb in the cache.
[2016-10-23T15:01:31+00:00] INFO: Storing updated cookbooks/gitlab/templates/default/nginx-gitlab-pages-http.conf.erb in the cache.
[2016-10-23T15:01:31+00:00] INFO: Storing updated cookbooks/gitlab/templates/default/gitlab-shell-config.yml.erb in the cache.
[2016-10-23T15:01:31+00:00] INFO: Storing updated cookbooks/gitlab/templates/default/nginx.conf.erb in the cache.
[2016-10-23T15:01:31+00:00] INFO: Storing updated cookbooks/gitlab/templates/default/sv-nginx-log-run.erb in the cache.
[2016-10-23T15:01:31+00:00] INFO: Storing updated cookbooks/gitlab/templates/default/sv-mailroom-run.erb in the cache.
[2016-10-23T15:01:31+00:00] INFO: Storing updated cookbooks/gitlab/templates/default/postgresql-init.erb in the cache.
[2016-10-23T15:01:31+00:00] INFO: Storing updated cookbooks/gitlab/templates/default/sv-gitlab-workhorse-log-config.erb in the cache.
[2016-10-23T15:01:31+00:00] INFO: Storing updated cookbooks/gitlab/templates/default/nginx-gitlab-http.conf.erb in the cache.
[2016-10-23T15:01:31+00:00] INFO: Storing updated cookbooks/gitlab/templates/default/sv-logrotate-control-t.erb in the cache.
[2016-10-23T15:01:31+00:00] INFO: Storing updated cookbooks/gitlab/templates/default/sv-gitlab-workhorse-log-run.erb in the cache.
[2016-10-23T15:01:31+00:00] INFO: Storing updated cookbooks/gitlab/templates/default/sv-mailroom-finish.erb in the cache.
[2016-10-23T15:01:31+00:00] INFO: Storing updated cookbooks/gitlab/templates/default/pg_ident.conf.erb in the cache.
[2016-10-23T15:01:31+00:00] INFO: Storing updated cookbooks/gitlab/templates/default/mount_point_check.erb in the cache.
[2016-10-23T15:01:31+00:00] INFO: Storing updated cookbooks/gitlab/templates/default/sv-sidekiq-log-run.erb in the cache.
[2016-10-23T15:01:31+00:00] INFO: Storing updated cookbooks/gitlab/templates/default/sv-unicorn-log-run.erb in the cache.
[2016-10-23T15:01:31+00:00] INFO: Storing updated cookbooks/gitlab/templates/default/sv-redis-run.erb in the cache.
[2016-10-23T15:01:31+00:00] INFO: Storing updated cookbooks/gitlab/templates/default/sv-gitlab-pages-run.erb in the cache.
[2016-10-23T15:01:31+00:00] INFO: Storing updated cookbooks/gitlab/templates/default/nginx-gitlab-registry-http.conf.erb in the cache.
[2016-10-23T15:01:31+00:00] INFO: Storing updated cookbooks/gitlab/templates/default/nginx-gitlab-mattermost-http.conf.erb in the cache.
[2016-10-23T15:01:31+00:00] INFO: Storing updated cookbooks/gitlab/templates/default/sv-logrotate-run.erb in the cache.
[2016-10-23T15:01:31+00:00] INFO: Storing updated cookbooks/gitlab/templates/default/gitconfig-system.erb in the cache.
[2016-10-23T15:01:31+00:00] INFO: Storing updated cookbooks/gitlab/templates/default/sv-nginx-log-config.erb in the cache.
[2016-10-23T15:01:31+00:00] INFO: Storing updated cookbooks/gitlab/templates/default/sv-gitlab-pages-log-run.erb in the cache.
[2016-10-23T15:01:31+00:00] INFO: Storing updated cookbooks/gitlab/templates/default/remote_syslog.yml.erb in the cache.
[2016-10-23T15:01:31+00:00] INFO: Storing updated cookbooks/gitlab/templates/default/sv-remote-syslog-run.erb in the cache.
[2016-10-23T15:01:31+00:00] INFO: Storing updated cookbooks/gitlab/templates/default/sv-postgresql-log-config.erb in the cache.
[2016-10-23T15:01:31+00:00] INFO: Storing updated cookbooks/gitlab/templates/default/sv-redis-log-config.erb in the cache.
[2016-10-23T15:01:31+00:00] INFO: Storing updated cookbooks/gitlab/templates/default/gitconfig.erb in the cache.
[2016-10-23T15:01:31+00:00] INFO: Storing updated cookbooks/gitlab/templates/default/relative_url.rb.erb in the cache.
[2016-10-23T15:01:31+00:00] INFO: Storing updated cookbooks/gitlab/templates/default/aws.yml.erb in the cache.
[2016-10-23T15:01:31+00:00] INFO: Storing updated cookbooks/gitlab/templates/default/sv-unicorn-run.erb in the cache.
[2016-10-23T15:01:31+00:00] INFO: Storing updated cookbooks/gitlab/templates/default/sv-postgresql-control-t.erb in the cache.
[2016-10-23T15:01:31+00:00] INFO: Storing updated cookbooks/gitlab/templates/default/sv-remote-syslog-log-run.erb in the cache.
[2016-10-23T15:01:31+00:00] INFO: Storing updated cookbooks/gitlab/templates/default/sv-postgresql-log-run.erb in the cache.
[2016-10-23T15:01:31+00:00] INFO: Storing updated cookbooks/runit/attributes/default.rb in the cache.
[2016-10-23T15:01:31+00:00] INFO: Storing updated cookbooks/runit/recipes/sysvinit.rb in the cache.
[2016-10-23T15:01:31+00:00] INFO: Storing updated cookbooks/runit/recipes/systemd.rb in the cache.
[2016-10-23T15:01:31+00:00] INFO: Storing updated cookbooks/gitlab/templates/default/sv-registry-log-config.erb in the cache.
[2016-10-23T15:01:31+00:00] INFO: Storing updated cookbooks/runit/README.md in the cache.
[2016-10-23T15:01:31+00:00] INFO: Storing updated cookbooks/gitlab/templates/default/gitlab-ci-rc.erb in the cache.
[2016-10-23T15:01:31+00:00] INFO: Storing updated cookbooks/runit/definitions/runit_service.rb in the cache.
[2016-10-23T15:01:31+00:00] INFO: Storing updated cookbooks/gitlab/templates/default/config.json.erb in the cache.
[2016-10-23T15:01:31+00:00] INFO: Storing updated cookbooks/gitlab/metadata.rb in the cache.
[2016-10-23T15:01:31+00:00] INFO: Storing updated cookbooks/runit/files/default/gitlab-runsvdir.service in the cache.
[2016-10-23T15:01:31+00:00] INFO: Storing updated cookbooks/runit/recipes/upstart.rb in the cache.
[2016-10-23T15:01:31+00:00] INFO: Storing updated cookbooks/runit/recipes/default.rb in the cache.
[2016-10-23T15:01:31+00:00] INFO: Storing updated cookbooks/runit/metadata.rb in the cache.
[2016-10-23T15:01:31+00:00] INFO: Storing updated cookbooks/package/attributes/default.rb in the cache.
[2016-10-23T15:01:31+00:00] INFO: Storing updated cookbooks/runit/files/default/gitlab-runsvdir.conf in the cache.
[2016-10-23T15:01:31+00:00] INFO: directory[/etc/gitlab] owner changed to 0
[2016-10-23T15:01:31+00:00] INFO: directory[/etc/gitlab] group changed to 0
[2016-10-23T15:01:32+00:00] WARN: Cloning resource attributes for directory[/var/opt/gitlab] from prior resource (CHEF-3694)
[2016-10-23T15:01:32+00:00] WARN: Previous directory[/var/opt/gitlab]: /opt/gitlab/embedded/cookbooks/cache/cookbooks/gitlab/recipes/default.rb:43:in `from_file'
[2016-10-23T15:01:32+00:00] WARN: Current  directory[/var/opt/gitlab]: /opt/gitlab/embedded/cookbooks/cache/cookbooks/gitlab/recipes/users.rb:24:in `from_file'
[2016-10-23T15:01:32+00:00] WARN: Skipped selecting an init system because it looks like we are running in a container
[2016-10-23T15:01:32+00:00] WARN: Cloning resource attributes for directory[/etc/sysctl.d] from prior resource (CHEF-3694)
[2016-10-23T15:01:32+00:00] WARN: Previous directory[/etc/sysctl.d]: /opt/gitlab/embedded/cookbooks/cache/cookbooks/gitlab/definitions/sysctl.rb:22:in `block in from_file'
[2016-10-23T15:01:32+00:00] WARN: Current  directory[/etc/sysctl.d]: /opt/gitlab/embedded/cookbooks/cache/cookbooks/gitlab/definitions/sysctl.rb:22:in `block in from_file'
[2016-10-23T15:01:32+00:00] WARN: Cloning resource attributes for file[/etc/sysctl.d/90-postgresql.conf] from prior resource (CHEF-3694)
[2016-10-23T15:01:32+00:00] WARN: Previous file[/etc/sysctl.d/90-postgresql.conf]: /opt/gitlab/embedded/cookbooks/cache/cookbooks/gitlab/definitions/sysctl.rb:45:in `block (2 levels) in from_file'
[2016-10-23T15:01:32+00:00] WARN: Current  file[/etc/sysctl.d/90-postgresql.conf]: /opt/gitlab/embedded/cookbooks/cache/cookbooks/gitlab/definitions/sysctl.rb:45:in `block (2 levels) in from_file'
[2016-10-23T15:01:32+00:00] WARN: Cloning resource attributes for file[/etc/sysctl.d/90-unicorn.conf] from prior resource (CHEF-3694)
[2016-10-23T15:01:32+00:00] WARN: Previous file[/etc/sysctl.d/90-unicorn.conf]: /opt/gitlab/embedded/cookbooks/cache/cookbooks/gitlab/definitions/sysctl.rb:45:in `block (2 levels) in from_file'
[2016-10-23T15:01:32+00:00] WARN: Current  file[/etc/sysctl.d/90-unicorn.conf]: /opt/gitlab/embedded/cookbooks/cache/cookbooks/gitlab/definitions/sysctl.rb:45:in `block (2 levels) in from_file'
[2016-10-23T15:01:32+00:00] WARN: Cloning resource attributes for file[/opt/gitlab/embedded/etc/90-omnibus-gitlab.conf] from prior resource (CHEF-3694)
[2016-10-23T15:01:32+00:00] WARN: Previous file[/opt/gitlab/embedded/etc/90-omnibus-gitlab.conf]: /opt/gitlab/embedded/cookbooks/cache/cookbooks/gitlab/definitions/sysctl.rb:45:in `block (2 levels) in from_file'
[2016-10-23T15:01:32+00:00] WARN: Current  file[/opt/gitlab/embedded/etc/90-omnibus-gitlab.conf]: /opt/gitlab/embedded/cookbooks/cache/cookbooks/gitlab/definitions/sysctl.rb:45:in `block (2 levels) in from_file'
[2016-10-23T15:01:32+00:00] WARN: Cloning resource attributes for file[/etc/sysctl.d/90-omnibus-gitlab.conf] from prior resource (CHEF-3694)
[2016-10-23T15:01:32+00:00] WARN: Previous file[/etc/sysctl.d/90-omnibus-gitlab.conf]: /opt/gitlab/embedded/cookbooks/cache/cookbooks/gitlab/definitions/sysctl.rb:45:in `block (2 levels) in from_file'
[2016-10-23T15:01:32+00:00] WARN: Current  file[/etc/sysctl.d/90-omnibus-gitlab.conf]: /opt/gitlab/embedded/cookbooks/cache/cookbooks/gitlab/definitions/sysctl.rb:45:in `block (2 levels) in from_file'
[2016-10-23T15:01:32+00:00] WARN: Cloning resource attributes for execute[load sysctl conf] from prior resource (CHEF-3694)
[2016-10-23T15:01:32+00:00] WARN: Previous execute[load sysctl conf]: /opt/gitlab/embedded/cookbooks/cache/cookbooks/gitlab/definitions/sysctl.rb:52:in `block in from_file'
[2016-10-23T15:01:32+00:00] WARN: Current  execute[load sysctl conf]: /opt/gitlab/embedded/cookbooks/cache/cookbooks/gitlab/definitions/sysctl.rb:52:in `block in from_file'
[2016-10-23T15:01:32+00:00] WARN: Cloning resource attributes for directory[/etc/sysctl.d] from prior resource (CHEF-3694)
[2016-10-23T15:01:32+00:00] WARN: Previous directory[/etc/sysctl.d]: /opt/gitlab/embedded/cookbooks/cache/cookbooks/gitlab/definitions/sysctl.rb:22:in `block in from_file'
[2016-10-23T15:01:32+00:00] WARN: Current  directory[/etc/sysctl.d]: /opt/gitlab/embedded/cookbooks/cache/cookbooks/gitlab/definitions/sysctl.rb:22:in `block in from_file'
[2016-10-23T15:01:32+00:00] WARN: Cloning resource attributes for file[/etc/sysctl.d/90-postgresql.conf] from prior resource (CHEF-3694)
[2016-10-23T15:01:32+00:00] WARN: Previous file[/etc/sysctl.d/90-postgresql.conf]: /opt/gitlab/embedded/cookbooks/cache/cookbooks/gitlab/definitions/sysctl.rb:45:in `block (2 levels) in from_file'
[2016-10-23T15:01:32+00:00] WARN: Current  file[/etc/sysctl.d/90-postgresql.conf]: /opt/gitlab/embedded/cookbooks/cache/cookbooks/gitlab/definitions/sysctl.rb:45:in `block (2 levels) in from_file'
[2016-10-23T15:01:32+00:00] WARN: Cloning resource attributes for file[/etc/sysctl.d/90-unicorn.conf] from prior resource (CHEF-3694)
[2016-10-23T15:01:32+00:00] WARN: Previous file[/etc/sysctl.d/90-unicorn.conf]: /opt/gitlab/embedded/cookbooks/cache/cookbooks/gitlab/definitions/sysctl.rb:45:in `block (2 levels) in from_file'
[2016-10-23T15:01:32+00:00] WARN: Current  file[/etc/sysctl.d/90-unicorn.conf]: /opt/gitlab/embedded/cookbooks/cache/cookbooks/gitlab/definitions/sysctl.rb:45:in `block (2 levels) in from_file'
[2016-10-23T15:01:32+00:00] WARN: Cloning resource attributes for file[/opt/gitlab/embedded/etc/90-omnibus-gitlab.conf] from prior resource (CHEF-3694)
[2016-10-23T15:01:32+00:00] WARN: Previous file[/opt/gitlab/embedded/etc/90-omnibus-gitlab.conf]: /opt/gitlab/embedded/cookbooks/cache/cookbooks/gitlab/definitions/sysctl.rb:45:in `block (2 levels) in from_file'
[2016-10-23T15:01:32+00:00] WARN: Current  file[/opt/gitlab/embedded/etc/90-omnibus-gitlab.conf]: /opt/gitlab/embedded/cookbooks/cache/cookbooks/gitlab/definitions/sysctl.rb:45:in `block (2 levels) in from_file'
[2016-10-23T15:01:32+00:00] WARN: Cloning resource attributes for file[/etc/sysctl.d/90-omnibus-gitlab.conf] from prior resource (CHEF-3694)
[2016-10-23T15:01:32+00:00] WARN: Previous file[/etc/sysctl.d/90-omnibus-gitlab.conf]: /opt/gitlab/embedded/cookbooks/cache/cookbooks/gitlab/definitions/sysctl.rb:45:in `block (2 levels) in from_file'
[2016-10-23T15:01:32+00:00] WARN: Current  file[/etc/sysctl.d/90-omnibus-gitlab.conf]: /opt/gitlab/embedded/cookbooks/cache/cookbooks/gitlab/definitions/sysctl.rb:45:in `block (2 levels) in from_file'
[2016-10-23T15:01:32+00:00] WARN: Cloning resource attributes for execute[load sysctl conf] from prior resource (CHEF-3694)
[2016-10-23T15:01:32+00:00] WARN: Previous execute[load sysctl conf]: /opt/gitlab/embedded/cookbooks/cache/cookbooks/gitlab/definitions/sysctl.rb:52:in `block in from_file'
[2016-10-23T15:01:32+00:00] WARN: Current  execute[load sysctl conf]: /opt/gitlab/embedded/cookbooks/cache/cookbooks/gitlab/definitions/sysctl.rb:52:in `block in from_file'
[2016-10-23T15:01:32+00:00] WARN: Cloning resource attributes for directory[/var/opt/gitlab/gitlab-rails/etc] from prior resource (CHEF-3694)
[2016-10-23T15:01:32+00:00] WARN: Previous directory[/var/opt/gitlab/gitlab-rails/etc]: /opt/gitlab/embedded/cookbooks/cache/cookbooks/gitlab/recipes/gitlab-rails.rb:91:in `block in from_file'
[2016-10-23T15:01:32+00:00] WARN: Current  directory[/var/opt/gitlab/gitlab-rails/etc]: /opt/gitlab/embedded/cookbooks/cache/cookbooks/gitlab/definitions/unicorn_config.rb:21:in `block in from_file'
[2016-10-23T15:01:32+00:00] WARN: Cloning resource attributes for service[unicorn] from prior resource (CHEF-3694)
[2016-10-23T15:01:32+00:00] WARN: Previous service[unicorn]: /opt/gitlab/embedded/cookbooks/cache/cookbooks/gitlab/recipes/default.rb:91:in `block in from_file'
[2016-10-23T15:01:32+00:00] WARN: Current  service[unicorn]: /opt/gitlab/embedded/cookbooks/cache/cookbooks/runit/definitions/runit_service.rb:191:in `block in from_file'
[2016-10-23T15:01:32+00:00] WARN: Cloning resource attributes for directory[/etc/sysctl.d] from prior resource (CHEF-3694)
[2016-10-23T15:01:32+00:00] WARN: Previous directory[/etc/sysctl.d]: /opt/gitlab/embedded/cookbooks/cache/cookbooks/gitlab/definitions/sysctl.rb:22:in `block in from_file'
[2016-10-23T15:01:32+00:00] WARN: Current  directory[/etc/sysctl.d]: /opt/gitlab/embedded/cookbooks/cache/cookbooks/gitlab/definitions/sysctl.rb:22:in `block in from_file'
[2016-10-23T15:01:32+00:00] WARN: Cloning resource attributes for file[/etc/sysctl.d/90-postgresql.conf] from prior resource (CHEF-3694)
[2016-10-23T15:01:32+00:00] WARN: Previous file[/etc/sysctl.d/90-postgresql.conf]: /opt/gitlab/embedded/cookbooks/cache/cookbooks/gitlab/definitions/sysctl.rb:45:in `block (2 levels) in from_file'
[2016-10-23T15:01:32+00:00] WARN: Current  file[/etc/sysctl.d/90-postgresql.conf]: /opt/gitlab/embedded/cookbooks/cache/cookbooks/gitlab/definitions/sysctl.rb:45:in `block (2 levels) in from_file'
[2016-10-23T15:01:32+00:00] WARN: Cloning resource attributes for file[/etc/sysctl.d/90-unicorn.conf] from prior resource (CHEF-3694)
[2016-10-23T15:01:32+00:00] WARN: Previous file[/etc/sysctl.d/90-unicorn.conf]: /opt/gitlab/embedded/cookbooks/cache/cookbooks/gitlab/definitions/sysctl.rb:45:in `block (2 levels) in from_file'
[2016-10-23T15:01:32+00:00] WARN: Current  file[/etc/sysctl.d/90-unicorn.conf]: /opt/gitlab/embedded/cookbooks/cache/cookbooks/gitlab/definitions/sysctl.rb:45:in `block (2 levels) in from_file'
[2016-10-23T15:01:32+00:00] WARN: Cloning resource attributes for file[/opt/gitlab/embedded/etc/90-omnibus-gitlab.conf] from prior resource (CHEF-3694)
[2016-10-23T15:01:32+00:00] WARN: Previous file[/opt/gitlab/embedded/etc/90-omnibus-gitlab.conf]: /opt/gitlab/embedded/cookbooks/cache/cookbooks/gitlab/definitions/sysctl.rb:45:in `block (2 levels) in from_file'
[2016-10-23T15:01:32+00:00] WARN: Current  file[/opt/gitlab/embedded/etc/90-omnibus-gitlab.conf]: /opt/gitlab/embedded/cookbooks/cache/cookbooks/gitlab/definitions/sysctl.rb:45:in `block (2 levels) in from_file'
[2016-10-23T15:01:32+00:00] WARN: Cloning resource attributes for file[/etc/sysctl.d/90-omnibus-gitlab.conf] from prior resource (CHEF-3694)
[2016-10-23T15:01:32+00:00] WARN: Previous file[/etc/sysctl.d/90-omnibus-gitlab.conf]: /opt/gitlab/embedded/cookbooks/cache/cookbooks/gitlab/definitions/sysctl.rb:45:in `block (2 levels) in from_file'
[2016-10-23T15:01:32+00:00] WARN: Current  file[/etc/sysctl.d/90-omnibus-gitlab.conf]: /opt/gitlab/embedded/cookbooks/cache/cookbooks/gitlab/definitions/sysctl.rb:45:in `block (2 levels) in from_file'
[2016-10-23T15:01:32+00:00] WARN: Cloning resource attributes for execute[load sysctl conf] from prior resource (CHEF-3694)
[2016-10-23T15:01:32+00:00] WARN: Previous execute[load sysctl conf]: /opt/gitlab/embedded/cookbooks/cache/cookbooks/gitlab/definitions/sysctl.rb:52:in `block in from_file'
[2016-10-23T15:01:32+00:00] WARN: Current  execute[load sysctl conf]: /opt/gitlab/embedded/cookbooks/cache/cookbooks/gitlab/definitions/sysctl.rb:52:in `block in from_file'
[2016-10-23T15:01:32+00:00] WARN: Cloning resource attributes for service[sidekiq] from prior resource (CHEF-3694)
[2016-10-23T15:01:32+00:00] WARN: Previous service[sidekiq]: /opt/gitlab/embedded/cookbooks/cache/cookbooks/gitlab/recipes/default.rb:91:in `block in from_file'
[2016-10-23T15:01:32+00:00] WARN: Current  service[sidekiq]: /opt/gitlab/embedded/cookbooks/cache/cookbooks/runit/definitions/runit_service.rb:191:in `block in from_file'
[2016-10-23T15:01:32+00:00] INFO: directory[/var/opt/gitlab] owner changed to 0
[2016-10-23T15:01:32+00:00] INFO: directory[/var/opt/gitlab] group changed to 0
[2016-10-23T15:01:32+00:00] INFO: directory[/var/opt/gitlab] mode changed to 755
[2016-10-23T15:01:32+00:00] INFO: directory[/opt/gitlab/embedded/etc] created directory /opt/gitlab/embedded/etc
[2016-10-23T15:01:32+00:00] INFO: directory[/opt/gitlab/embedded/etc] owner changed to 0
[2016-10-23T15:01:32+00:00] INFO: directory[/opt/gitlab/embedded/etc] group changed to 0
[2016-10-23T15:01:32+00:00] INFO: directory[/opt/gitlab/embedded/etc] mode changed to 755
[2016-10-23T15:01:32+00:00] INFO: template[/opt/gitlab/embedded/etc/gitconfig] created file /opt/gitlab/embedded/etc/gitconfig
[2016-10-23T15:01:32+00:00] INFO: template[/opt/gitlab/embedded/etc/gitconfig] updated file contents /opt/gitlab/embedded/etc/gitconfig
[2016-10-23T15:01:32+00:00] INFO: template[/opt/gitlab/embedded/etc/gitconfig] mode changed to 755
[2016-10-23T15:01:32+00:00] INFO: template[/var/opt/gitlab/.gitconfig] created file /var/opt/gitlab/.gitconfig
[2016-10-23T15:01:32+00:00] INFO: template[/var/opt/gitlab/.gitconfig] updated file contents /var/opt/gitlab/.gitconfig
[2016-10-23T15:01:32+00:00] INFO: template[/var/opt/gitlab/.gitconfig] owner changed to 998
[2016-10-23T15:01:32+00:00] INFO: template[/var/opt/gitlab/.gitconfig] group changed to 998
[2016-10-23T15:01:32+00:00] INFO: template[/var/opt/gitlab/.gitconfig] mode changed to 644
[2016-10-23T15:01:32+00:00] INFO: directory[/var/opt/gitlab/git-data/repositories] created directory /var/opt/gitlab/git-data/repositories
[2016-10-23T15:01:32+00:00] INFO: directory[/var/opt/gitlab/git-data/repositories] owner changed to 998
[2016-10-23T15:01:32+00:00] INFO: directory[/var/opt/gitlab/git-data/repositories] group changed to 998
[2016-10-23T15:01:32+00:00] INFO: directory[/var/opt/gitlab/git-data/repositories] mode changed to 2770
[2016-10-23T15:01:32+00:00] INFO: directory[/var/opt/gitlab/git-data] owner changed to 998
[2016-10-23T15:01:32+00:00] INFO: directory[/var/opt/gitlab/git-data] mode changed to 700
[2016-10-23T15:01:32+00:00] INFO: directory[/var/opt/gitlab/.ssh] created directory /var/opt/gitlab/.ssh
[2016-10-23T15:01:32+00:00] INFO: directory[/var/opt/gitlab/.ssh] owner changed to 998
[2016-10-23T15:01:32+00:00] INFO: directory[/var/opt/gitlab/.ssh] group changed to 998
[2016-10-23T15:01:32+00:00] INFO: directory[/var/opt/gitlab/.ssh] mode changed to 700
[2016-10-23T15:01:32+00:00] INFO: file[/var/opt/gitlab/.ssh/authorized_keys] created file /var/opt/gitlab/.ssh/authorized_keys
[2016-10-23T15:01:32+00:00] INFO: file[/var/opt/gitlab/.ssh/authorized_keys] owner changed to 998
[2016-10-23T15:01:32+00:00] INFO: file[/var/opt/gitlab/.ssh/authorized_keys] group changed to 998
[2016-10-23T15:01:32+00:00] INFO: file[/var/opt/gitlab/.ssh/authorized_keys] mode changed to 600
[2016-10-23T15:01:32+00:00] INFO: directory[/opt/gitlab/embedded/service/gitlab-shell/hooks/] owner changed to 998
[2016-10-23T15:01:32+00:00] INFO: directory[/opt/gitlab/embedded/service/gitlab-shell/hooks/] group changed to 998
[2016-10-23T15:01:32+00:00] INFO: file[/opt/gitlab/embedded/service/gitlab-shell/authorized_keys.lock] created file /opt/gitlab/embedded/service/gitlab-shell/authorized_keys.lock
[2016-10-23T15:01:32+00:00] INFO: file[/opt/gitlab/embedded/service/gitlab-shell/authorized_keys.lock] owner changed to 998
[2016-10-23T15:01:32+00:00] INFO: file[/opt/gitlab/embedded/service/gitlab-shell/authorized_keys.lock] group changed to 998
[2016-10-23T15:01:32+00:00] INFO: directory[/var/log/gitlab/gitlab-shell/] created directory /var/log/gitlab/gitlab-shell/
[2016-10-23T15:01:32+00:00] INFO: directory[/var/log/gitlab/gitlab-shell/] owner changed to 998
[2016-10-23T15:01:32+00:00] INFO: directory[/var/log/gitlab/gitlab-shell/] mode changed to 700
[2016-10-23T15:01:32+00:00] INFO: directory[/var/opt/gitlab/gitlab-shell] created directory /var/opt/gitlab/gitlab-shell
[2016-10-23T15:01:32+00:00] INFO: directory[/var/opt/gitlab/gitlab-shell] owner changed to 998
[2016-10-23T15:01:32+00:00] INFO: directory[/var/opt/gitlab/gitlab-shell] mode changed to 700
[2016-10-23T15:01:32+00:00] INFO: template[/var/opt/gitlab/gitlab-shell/config.yml] created file /var/opt/gitlab/gitlab-shell/config.yml
[2016-10-23T15:01:32+00:00] INFO: template[/var/opt/gitlab/gitlab-shell/config.yml] updated file contents /var/opt/gitlab/gitlab-shell/config.yml
[2016-10-23T15:01:32+00:00] INFO: link[/opt/gitlab/embedded/service/gitlab-shell/config.yml] created
[2016-10-23T15:01:32+00:00] INFO: template[/var/opt/gitlab/gitlab-shell/gitlab_shell_secret] created file /var/opt/gitlab/gitlab-shell/gitlab_shell_secret
[2016-10-23T15:01:33+00:00] INFO: template[/var/opt/gitlab/gitlab-shell/gitlab_shell_secret] updated file contents /var/opt/gitlab/gitlab-shell/gitlab_shell_secret
[2016-10-23T15:01:33+00:00] INFO: template[/var/opt/gitlab/gitlab-shell/gitlab_shell_secret] owner changed to 0
[2016-10-23T15:01:33+00:00] INFO: template[/var/opt/gitlab/gitlab-shell/gitlab_shell_secret] group changed to 0
[2016-10-23T15:01:33+00:00] INFO: template[/var/opt/gitlab/gitlab-shell/gitlab_shell_secret] mode changed to 644
[2016-10-23T15:01:33+00:00] INFO: link[/opt/gitlab/embedded/service/gitlab-shell/.gitlab_shell_secret] created
[2016-10-23T15:01:33+00:00] INFO: directory[/var/log/gitlab] owner changed to 998
[2016-10-23T15:01:33+00:00] INFO: directory[/var/log/gitlab] mode changed to 755
[2016-10-23T15:01:33+00:00] INFO: directory[/var/opt/gitlab/gitlab-rails/shared] created directory /var/opt/gitlab/gitlab-rails/shared
[2016-10-23T15:01:33+00:00] INFO: directory[/var/opt/gitlab/gitlab-rails/shared] owner changed to 998
[2016-10-23T15:01:33+00:00] INFO: directory[/var/opt/gitlab/gitlab-rails/shared] group changed to 999
[2016-10-23T15:01:33+00:00] INFO: directory[/var/opt/gitlab/gitlab-rails/shared] mode changed to 751
[2016-10-23T15:01:33+00:00] INFO: directory[/var/opt/gitlab/gitlab-rails/shared/artifacts] created directory /var/opt/gitlab/gitlab-rails/shared/artifacts
[2016-10-23T15:01:33+00:00] INFO: directory[/var/opt/gitlab/gitlab-rails/shared/artifacts] owner changed to 998
[2016-10-23T15:01:33+00:00] INFO: directory[/var/opt/gitlab/gitlab-rails/shared/artifacts] mode changed to 700
[2016-10-23T15:01:33+00:00] INFO: directory[/var/opt/gitlab/gitlab-rails/shared/lfs-objects] created directory /var/opt/gitlab/gitlab-rails/shared/lfs-objects
[2016-10-23T15:01:33+00:00] INFO: directory[/var/opt/gitlab/gitlab-rails/shared/lfs-objects] owner changed to 998
[2016-10-23T15:01:33+00:00] INFO: directory[/var/opt/gitlab/gitlab-rails/shared/lfs-objects] mode changed to 700
[2016-10-23T15:01:33+00:00] INFO: directory[/var/opt/gitlab/gitlab-rails/uploads] created directory /var/opt/gitlab/gitlab-rails/uploads
[2016-10-23T15:01:33+00:00] INFO: directory[/var/opt/gitlab/gitlab-rails/uploads] owner changed to 998
[2016-10-23T15:01:33+00:00] INFO: directory[/var/opt/gitlab/gitlab-rails/uploads] mode changed to 700
[2016-10-23T15:01:33+00:00] INFO: directory[/var/opt/gitlab/gitlab-ci/builds] created directory /var/opt/gitlab/gitlab-ci/builds
[2016-10-23T15:01:33+00:00] INFO: directory[/var/opt/gitlab/gitlab-ci/builds] owner changed to 998
[2016-10-23T15:01:33+00:00] INFO: directory[/var/opt/gitlab/gitlab-ci/builds] mode changed to 700
[2016-10-23T15:01:33+00:00] INFO: directory[/var/opt/gitlab/gitlab-rails/shared/pages] created directory /var/opt/gitlab/gitlab-rails/shared/pages
[2016-10-23T15:01:33+00:00] INFO: directory[/var/opt/gitlab/gitlab-rails/shared/pages] owner changed to 998
[2016-10-23T15:01:33+00:00] INFO: directory[/var/opt/gitlab/gitlab-rails/shared/pages] group changed to 999
[2016-10-23T15:01:33+00:00] INFO: directory[/var/opt/gitlab/gitlab-rails/shared/pages] mode changed to 750
[2016-10-23T15:01:33+00:00] INFO: directory[/var/opt/gitlab/gitlab-rails/etc] created directory /var/opt/gitlab/gitlab-rails/etc
[2016-10-23T15:01:33+00:00] INFO: directory[/var/opt/gitlab/gitlab-rails/etc] owner changed to 998
[2016-10-23T15:01:33+00:00] INFO: directory[/var/opt/gitlab/gitlab-rails/etc] mode changed to 700
[2016-10-23T15:01:33+00:00] INFO: directory[/opt/gitlab/etc/gitlab-rails] created directory /opt/gitlab/etc/gitlab-rails
[2016-10-23T15:01:33+00:00] INFO: directory[/opt/gitlab/etc/gitlab-rails] owner changed to 998
[2016-10-23T15:01:33+00:00] INFO: directory[/opt/gitlab/etc/gitlab-rails] mode changed to 700
[2016-10-23T15:01:33+00:00] INFO: directory[/var/opt/gitlab/gitlab-rails/working] created directory /var/opt/gitlab/gitlab-rails/working
[2016-10-23T15:01:33+00:00] INFO: directory[/var/opt/gitlab/gitlab-rails/working] owner changed to 998
[2016-10-23T15:01:33+00:00] INFO: directory[/var/opt/gitlab/gitlab-rails/working] mode changed to 700
[2016-10-23T15:01:33+00:00] INFO: directory[/var/opt/gitlab/gitlab-rails/tmp] created directory /var/opt/gitlab/gitlab-rails/tmp
[2016-10-23T15:01:33+00:00] INFO: directory[/var/opt/gitlab/gitlab-rails/tmp] owner changed to 998
[2016-10-23T15:01:33+00:00] INFO: directory[/var/opt/gitlab/gitlab-rails/tmp] mode changed to 700
[2016-10-23T15:01:33+00:00] INFO: directory[/var/opt/gitlab/gitlab-rails/upgrade-status] created directory /var/opt/gitlab/gitlab-rails/upgrade-status
[2016-10-23T15:01:33+00:00] INFO: directory[/var/opt/gitlab/gitlab-rails/upgrade-status] owner changed to 998
[2016-10-23T15:01:33+00:00] INFO: directory[/var/opt/gitlab/gitlab-rails/upgrade-status] mode changed to 700
[2016-10-23T15:01:33+00:00] INFO: directory[/var/log/gitlab/gitlab-rails] created directory /var/log/gitlab/gitlab-rails
[2016-10-23T15:01:33+00:00] INFO: directory[/var/log/gitlab/gitlab-rails] owner changed to 998
[2016-10-23T15:01:33+00:00] INFO: directory[/var/log/gitlab/gitlab-rails] mode changed to 700
[2016-10-23T15:01:33+00:00] INFO: directory[/var/opt/gitlab/backups] created directory /var/opt/gitlab/backups
[2016-10-23T15:01:33+00:00] INFO: directory[/var/opt/gitlab/backups] owner changed to 998
[2016-10-23T15:01:33+00:00] INFO: directory[/var/opt/gitlab/backups] mode changed to 700
[2016-10-23T15:01:33+00:00] INFO: directory[/var/opt/gitlab/gitlab-rails] owner changed to 998
[2016-10-23T15:01:33+00:00] INFO: directory[/var/opt/gitlab/gitlab-ci] owner changed to 998
[2016-10-23T15:01:33+00:00] INFO: template[/opt/gitlab/etc/gitlab-rails/gitlab-rails-rc] created file /opt/gitlab/etc/gitlab-rails/gitlab-rails-rc
[2016-10-23T15:01:33+00:00] INFO: template[/opt/gitlab/etc/gitlab-rails/gitlab-rails-rc] updated file contents /opt/gitlab/etc/gitlab-rails/gitlab-rails-rc
[2016-10-23T15:01:33+00:00] INFO: template[/var/opt/gitlab/gitlab-rails/etc/secret] created file /var/opt/gitlab/gitlab-rails/etc/secret
[2016-10-23T15:01:33+00:00] INFO: template[/var/opt/gitlab/gitlab-rails/etc/secret] updated file contents /var/opt/gitlab/gitlab-rails/etc/secret
[2016-10-23T15:01:33+00:00] INFO: template[/var/opt/gitlab/gitlab-rails/etc/secret] owner changed to 0
[2016-10-23T15:01:33+00:00] INFO: template[/var/opt/gitlab/gitlab-rails/etc/secret] group changed to 0
[2016-10-23T15:01:33+00:00] INFO: template[/var/opt/gitlab/gitlab-rails/etc/secret] mode changed to 644
[2016-10-23T15:01:33+00:00] INFO: link[/opt/gitlab/embedded/service/gitlab-rails/.secret] created
[2016-10-23T15:01:33+00:00] INFO: template[/var/opt/gitlab/gitlab-rails/etc/database.yml] created file /var/opt/gitlab/gitlab-rails/etc/database.yml
[2016-10-23T15:01:33+00:00] INFO: template[/var/opt/gitlab/gitlab-rails/etc/database.yml] updated file contents /var/opt/gitlab/gitlab-rails/etc/database.yml
[2016-10-23T15:01:33+00:00] INFO: template[/var/opt/gitlab/gitlab-rails/etc/database.yml] owner changed to 0
[2016-10-23T15:01:33+00:00] INFO: template[/var/opt/gitlab/gitlab-rails/etc/database.yml] group changed to 0
[2016-10-23T15:01:33+00:00] INFO: template[/var/opt/gitlab/gitlab-rails/etc/database.yml] mode changed to 644
[2016-10-23T15:01:33+00:00] INFO: link[/opt/gitlab/embedded/service/gitlab-rails/config/database.yml] created
[2016-10-23T15:01:33+00:00] INFO: template[/var/opt/gitlab/gitlab-rails/etc/secrets.yml] created file /var/opt/gitlab/gitlab-rails/etc/secrets.yml
[2016-10-23T15:01:33+00:00] INFO: template[/var/opt/gitlab/gitlab-rails/etc/secrets.yml] updated file contents /var/opt/gitlab/gitlab-rails/etc/secrets.yml
[2016-10-23T15:01:33+00:00] INFO: template[/var/opt/gitlab/gitlab-rails/etc/secrets.yml] owner changed to 0
[2016-10-23T15:01:33+00:00] INFO: template[/var/opt/gitlab/gitlab-rails/etc/secrets.yml] group changed to 0
[2016-10-23T15:01:33+00:00] INFO: template[/var/opt/gitlab/gitlab-rails/etc/secrets.yml] mode changed to 644
[2016-10-23T15:01:33+00:00] INFO: link[/opt/gitlab/embedded/service/gitlab-rails/config/secrets.yml] created
[2016-10-23T15:01:33+00:00] INFO: template[/var/opt/gitlab/gitlab-rails/etc/resque.yml] created file /var/opt/gitlab/gitlab-rails/etc/resque.yml
[2016-10-23T15:01:33+00:00] INFO: template[/var/opt/gitlab/gitlab-rails/etc/resque.yml] updated file contents /var/opt/gitlab/gitlab-rails/etc/resque.yml
[2016-10-23T15:01:33+00:00] INFO: template[/var/opt/gitlab/gitlab-rails/etc/resque.yml] owner changed to 0
[2016-10-23T15:01:33+00:00] INFO: template[/var/opt/gitlab/gitlab-rails/etc/resque.yml] group changed to 0
[2016-10-23T15:01:33+00:00] INFO: template[/var/opt/gitlab/gitlab-rails/etc/resque.yml] mode changed to 644
[2016-10-23T15:01:33+00:00] INFO: link[/opt/gitlab/embedded/service/gitlab-rails/config/resque.yml] created
[2016-10-23T15:01:33+00:00] INFO: template[/var/opt/gitlab/gitlab-rails/etc/gitlab.yml] created file /var/opt/gitlab/gitlab-rails/etc/gitlab.yml
[2016-10-23T15:01:33+00:00] INFO: template[/var/opt/gitlab/gitlab-rails/etc/gitlab.yml] updated file contents /var/opt/gitlab/gitlab-rails/etc/gitlab.yml
[2016-10-23T15:01:33+00:00] INFO: template[/var/opt/gitlab/gitlab-rails/etc/gitlab.yml] owner changed to 0
[2016-10-23T15:01:33+00:00] INFO: template[/var/opt/gitlab/gitlab-rails/etc/gitlab.yml] group changed to 0
[2016-10-23T15:01:33+00:00] INFO: template[/var/opt/gitlab/gitlab-rails/etc/gitlab.yml] mode changed to 644
[2016-10-23T15:01:33+00:00] INFO: link[/opt/gitlab/embedded/service/gitlab-rails/config/gitlab.yml] created
[2016-10-23T15:01:33+00:00] INFO: template[/var/opt/gitlab/gitlab-rails/etc/rack_attack.rb] created file /var/opt/gitlab/gitlab-rails/etc/rack_attack.rb
[2016-10-23T15:01:33+00:00] INFO: template[/var/opt/gitlab/gitlab-rails/etc/rack_attack.rb] updated file contents /var/opt/gitlab/gitlab-rails/etc/rack_attack.rb
[2016-10-23T15:01:33+00:00] INFO: template[/var/opt/gitlab/gitlab-rails/etc/rack_attack.rb] owner changed to 0
[2016-10-23T15:01:33+00:00] INFO: template[/var/opt/gitlab/gitlab-rails/etc/rack_attack.rb] group changed to 0
[2016-10-23T15:01:33+00:00] INFO: template[/var/opt/gitlab/gitlab-rails/etc/rack_attack.rb] mode changed to 644
[2016-10-23T15:01:33+00:00] INFO: link[/opt/gitlab/embedded/service/gitlab-rails/config/initializers/rack_attack.rb] created
[2016-10-23T15:01:33+00:00] INFO: link[/opt/gitlab/embedded/service/gitlab-rails/.gitlab_shell_secret] created
[2016-10-23T15:01:33+00:00] INFO: directory[/opt/gitlab/etc/gitlab-rails/env] created directory /opt/gitlab/etc/gitlab-rails/env
[2016-10-23T15:01:33+00:00] INFO: file[/opt/gitlab/etc/gitlab-rails/env/HOME] created file /opt/gitlab/etc/gitlab-rails/env/HOME
[2016-10-23T15:01:33+00:00] INFO: file[/opt/gitlab/etc/gitlab-rails/env/HOME] updated file contents /opt/gitlab/etc/gitlab-rails/env/HOME
[2016-10-23T15:01:33+00:00] INFO: file[/opt/gitlab/etc/gitlab-rails/env/RAILS_ENV] created file /opt/gitlab/etc/gitlab-rails/env/RAILS_ENV
[2016-10-23T15:01:33+00:00] INFO: file[/opt/gitlab/etc/gitlab-rails/env/RAILS_ENV] updated file contents /opt/gitlab/etc/gitlab-rails/env/RAILS_ENV
[2016-10-23T15:01:33+00:00] INFO: file[/opt/gitlab/etc/gitlab-rails/env/SIDEKIQ_MEMORY_KILLER_MAX_RSS] created file /opt/gitlab/etc/gitlab-rails/env/SIDEKIQ_MEMORY_KILLER_MAX_RSS
[2016-10-23T15:01:33+00:00] INFO: file[/opt/gitlab/etc/gitlab-rails/env/SIDEKIQ_MEMORY_KILLER_MAX_RSS] updated file contents /opt/gitlab/etc/gitlab-rails/env/SIDEKIQ_MEMORY_KILLER_MAX_RSS
[2016-10-23T15:01:33+00:00] INFO: file[/opt/gitlab/etc/gitlab-rails/env/BUNDLE_GEMFILE] created file /opt/gitlab/etc/gitlab-rails/env/BUNDLE_GEMFILE
[2016-10-23T15:01:33+00:00] INFO: file[/opt/gitlab/etc/gitlab-rails/env/BUNDLE_GEMFILE] updated file contents /opt/gitlab/etc/gitlab-rails/env/BUNDLE_GEMFILE
[2016-10-23T15:01:33+00:00] INFO: file[/opt/gitlab/etc/gitlab-rails/env/PATH] created file /opt/gitlab/etc/gitlab-rails/env/PATH
[2016-10-23T15:01:33+00:00] INFO: file[/opt/gitlab/etc/gitlab-rails/env/PATH] updated file contents /opt/gitlab/etc/gitlab-rails/env/PATH
[2016-10-23T15:01:33+00:00] INFO: link[/opt/gitlab/embedded/service/gitlab-rails/tmp] created
[2016-10-23T15:01:33+00:00] INFO: link[/opt/gitlab/embedded/service/gitlab-rails/public/uploads] created
[2016-10-23T15:01:33+00:00] INFO: link[/opt/gitlab/embedded/service/gitlab-rails/log] created
[2016-10-23T15:01:33+00:00] INFO: link[/var/log/gitlab/gitlab-rails/sidekiq.log] created
[2016-10-23T15:01:33+00:00] INFO: file[/opt/gitlab/embedded/service/gitlab-rails/db/schema.rb] owner changed to 998
[2016-10-23T15:01:33+00:00] INFO: remote_file[/var/opt/gitlab/gitlab-rails/VERSION] created file /var/opt/gitlab/gitlab-rails/VERSION
[2016-10-23T15:01:33+00:00] INFO: remote_file[/var/opt/gitlab/gitlab-rails/VERSION] updated file contents /var/opt/gitlab/gitlab-rails/VERSION
[2016-10-23T15:01:33+00:00] INFO: remote_file[/var/opt/gitlab/gitlab-rails/REVISION] created file /var/opt/gitlab/gitlab-rails/REVISION
[2016-10-23T15:01:33+00:00] INFO: remote_file[/var/opt/gitlab/gitlab-rails/REVISION] updated file contents /var/opt/gitlab/gitlab-rails/REVISION
[2016-10-23T15:01:33+00:00] INFO: file[/var/opt/gitlab/gitlab-rails/RUBY_VERSION] created file /var/opt/gitlab/gitlab-rails/RUBY_VERSION
[2016-10-23T15:01:33+00:00] INFO: file[/var/opt/gitlab/gitlab-rails/RUBY_VERSION] updated file contents /var/opt/gitlab/gitlab-rails/RUBY_VERSION
[2016-10-23T15:01:33+00:00] INFO: execute[chown -R root:root /opt/gitlab/embedded/service/gitlab-rails/public] ran successfully
[2016-10-23T15:01:33+00:00] INFO: directory[/etc/gitlab/trusted-certs] created directory /etc/gitlab/trusted-certs
[2016-10-23T15:01:33+00:00] INFO: directory[/etc/gitlab/trusted-certs] mode changed to 755
[2016-10-23T15:01:33+00:00] INFO: file[/opt/gitlab/embedded/ssl/certs/README] created file /opt/gitlab/embedded/ssl/certs/README
[2016-10-23T15:01:33+00:00] INFO: file[/opt/gitlab/embedded/ssl/certs/README] updated file contents /opt/gitlab/embedded/ssl/certs/README
[2016-10-23T15:01:33+00:00] INFO: file[/opt/gitlab/embedded/ssl/certs/README] mode changed to 644
[2016-10-23T15:01:33+00:00] INFO: ruby_block[Move existing certs and link to /opt/gitlab/embedded/ssl/certs] called
[2016-10-23T15:01:33+00:00] INFO: directory[/var/opt/gitlab/redis] created directory /var/opt/gitlab/redis
[2016-10-23T15:01:33+00:00] INFO: directory[/var/opt/gitlab/redis] owner changed to 997
[2016-10-23T15:01:33+00:00] INFO: directory[/var/opt/gitlab/redis] group changed to 998
[2016-10-23T15:01:33+00:00] INFO: directory[/var/opt/gitlab/redis] mode changed to 750
[2016-10-23T15:01:33+00:00] INFO: directory[/var/log/gitlab/redis] created directory /var/log/gitlab/redis
[2016-10-23T15:01:33+00:00] INFO: directory[/var/log/gitlab/redis] owner changed to 997
[2016-10-23T15:01:33+00:00] INFO: directory[/var/log/gitlab/redis] mode changed to 700
[2016-10-23T15:01:33+00:00] INFO: template[/var/opt/gitlab/redis/redis.conf] created file /var/opt/gitlab/redis/redis.conf
[2016-10-23T15:01:33+00:00] INFO: template[/var/opt/gitlab/redis/redis.conf] updated file contents /var/opt/gitlab/redis/redis.conf
[2016-10-23T15:01:33+00:00] INFO: template[/var/opt/gitlab/redis/redis.conf] owner changed to 997
[2016-10-23T15:01:33+00:00] INFO: template[/var/opt/gitlab/redis/redis.conf] mode changed to 644
[2016-10-23T15:01:33+00:00] INFO: directory[/opt/gitlab/sv/redis] created directory /opt/gitlab/sv/redis
[2016-10-23T15:01:33+00:00] INFO: directory[/opt/gitlab/sv/redis] owner changed to 0
[2016-10-23T15:01:33+00:00] INFO: directory[/opt/gitlab/sv/redis] group changed to 0
[2016-10-23T15:01:33+00:00] INFO: directory[/opt/gitlab/sv/redis] mode changed to 755
[2016-10-23T15:01:33+00:00] INFO: directory[/opt/gitlab/sv/redis/log] created directory /opt/gitlab/sv/redis/log
[2016-10-23T15:01:33+00:00] INFO: directory[/opt/gitlab/sv/redis/log] owner changed to 0
[2016-10-23T15:01:33+00:00] INFO: directory[/opt/gitlab/sv/redis/log] group changed to 0
[2016-10-23T15:01:33+00:00] INFO: directory[/opt/gitlab/sv/redis/log] mode changed to 755
[2016-10-23T15:01:33+00:00] INFO: directory[/opt/gitlab/sv/redis/log/main] created directory /opt/gitlab/sv/redis/log/main
[2016-10-23T15:01:33+00:00] INFO: directory[/opt/gitlab/sv/redis/log/main] owner changed to 0
[2016-10-23T15:01:33+00:00] INFO: directory[/opt/gitlab/sv/redis/log/main] group changed to 0
[2016-10-23T15:01:33+00:00] INFO: directory[/opt/gitlab/sv/redis/log/main] mode changed to 755
[2016-10-23T15:01:33+00:00] INFO: template[/opt/gitlab/sv/redis/run] created file /opt/gitlab/sv/redis/run
[2016-10-23T15:01:33+00:00] INFO: template[/opt/gitlab/sv/redis/run] updated file contents /opt/gitlab/sv/redis/run
[2016-10-23T15:01:33+00:00] INFO: template[/opt/gitlab/sv/redis/run] owner changed to 0
[2016-10-23T15:01:33+00:00] INFO: template[/opt/gitlab/sv/redis/run] group changed to 0
[2016-10-23T15:01:33+00:00] INFO: template[/opt/gitlab/sv/redis/run] mode changed to 755
[2016-10-23T15:01:33+00:00] INFO: template[/opt/gitlab/sv/redis/log/run] created file /opt/gitlab/sv/redis/log/run
[2016-10-23T15:01:33+00:00] INFO: template[/opt/gitlab/sv/redis/log/run] updated file contents /opt/gitlab/sv/redis/log/run
[2016-10-23T15:01:33+00:00] INFO: template[/opt/gitlab/sv/redis/log/run] owner changed to 0
[2016-10-23T15:01:33+00:00] INFO: template[/opt/gitlab/sv/redis/log/run] group changed to 0
[2016-10-23T15:01:33+00:00] INFO: template[/opt/gitlab/sv/redis/log/run] mode changed to 755
[2016-10-23T15:01:33+00:00] INFO: template[/var/log/gitlab/redis/config] created file /var/log/gitlab/redis/config
[2016-10-23T15:01:33+00:00] INFO: template[/var/log/gitlab/redis/config] updated file contents /var/log/gitlab/redis/config
[2016-10-23T15:01:33+00:00] INFO: template[/var/log/gitlab/redis/config] owner changed to 0
[2016-10-23T15:01:33+00:00] INFO: template[/var/log/gitlab/redis/config] group changed to 0
[2016-10-23T15:01:33+00:00] INFO: link[/opt/gitlab/init/redis] created
[2016-10-23T15:01:33+00:00] INFO: link[/opt/gitlab/service/redis] created
[2016-10-23T15:01:37+00:00] INFO: ruby_block[supervise_redis_sleep] called
[2016-10-23T15:01:37+00:00] INFO: execute[/opt/gitlab/bin/gitlab-ctl start redis] ran successfully
[2016-10-23T15:01:37+00:00] INFO: directory[/var/opt/gitlab/postgresql] created directory /var/opt/gitlab/postgresql
[2016-10-23T15:01:37+00:00] INFO: directory[/var/opt/gitlab/postgresql] owner changed to 996
[2016-10-23T15:01:37+00:00] INFO: directory[/var/opt/gitlab/postgresql] mode changed to 755
[2016-10-23T15:01:37+00:00] INFO: directory[/var/opt/gitlab/postgresql/data] created directory /var/opt/gitlab/postgresql/data
[2016-10-23T15:01:37+00:00] INFO: directory[/var/opt/gitlab/postgresql/data] owner changed to 996
[2016-10-23T15:01:37+00:00] INFO: directory[/var/opt/gitlab/postgresql/data] mode changed to 700
[2016-10-23T15:01:37+00:00] INFO: directory[/var/log/gitlab/postgresql] created directory /var/log/gitlab/postgresql
[2016-10-23T15:01:37+00:00] INFO: directory[/var/log/gitlab/postgresql] owner changed to 996
[2016-10-23T15:01:37+00:00] INFO: directory[/var/log/gitlab/postgresql] mode changed to 700
[2016-10-23T15:01:37+00:00] INFO: file[/var/opt/gitlab/postgresql/.profile] created file /var/opt/gitlab/postgresql/.profile
[2016-10-23T15:01:37+00:00] INFO: file[/var/opt/gitlab/postgresql/.profile] updated file contents /var/opt/gitlab/postgresql/.profile
[2016-10-23T15:01:37+00:00] INFO: file[/var/opt/gitlab/postgresql/.profile] owner changed to 996
[2016-10-23T15:01:37+00:00] INFO: file[/var/opt/gitlab/postgresql/.profile] mode changed to 600
[2016-10-23T15:01:37+00:00] INFO: file[/opt/gitlab/embedded/etc/90-omnibus-gitlab-kernel.shmmax.conf] created file /opt/gitlab/embedded/etc/90-omnibus-gitlab-kernel.shmmax.conf
[2016-10-23T15:01:37+00:00] INFO: file[/opt/gitlab/embedded/etc/90-omnibus-gitlab-kernel.shmmax.conf] updated file contents /opt/gitlab/embedded/etc/90-omnibus-gitlab-kernel.shmmax.conf
[2016-10-23T15:01:37+00:00] INFO: file[/opt/gitlab/embedded/etc/90-omnibus-gitlab-kernel.shmmax.conf] sending run action to execute[load sysctl conf] (immediate)
[2016-10-23T15:01:37+00:00] INFO: execute[load sysctl conf] ran successfully
[2016-10-23T15:01:37+00:00] INFO: link[/etc/sysctl.d/90-omnibus-gitlab-kernel.shmmax.conf] created
[2016-10-23T15:01:37+00:00] INFO: file[/opt/gitlab/embedded/etc/90-omnibus-gitlab-kernel.shmall.conf] created file /opt/gitlab/embedded/etc/90-omnibus-gitlab-kernel.shmall.conf
[2016-10-23T15:01:37+00:00] INFO: file[/opt/gitlab/embedded/etc/90-omnibus-gitlab-kernel.shmall.conf] updated file contents /opt/gitlab/embedded/etc/90-omnibus-gitlab-kernel.shmall.conf
[2016-10-23T15:01:37+00:00] INFO: file[/opt/gitlab/embedded/etc/90-omnibus-gitlab-kernel.shmall.conf] sending run action to execute[load sysctl conf] (immediate)
[2016-10-23T15:01:37+00:00] INFO: execute[load sysctl conf] ran successfully
[2016-10-23T15:01:37+00:00] INFO: link[/etc/sysctl.d/90-omnibus-gitlab-kernel.shmall.conf] created
[2016-10-23T15:01:37+00:00] INFO: file[/opt/gitlab/embedded/etc/90-omnibus-gitlab-kernel.sem.conf] created file /opt/gitlab/embedded/etc/90-omnibus-gitlab-kernel.sem.conf
[2016-10-23T15:01:37+00:00] INFO: file[/opt/gitlab/embedded/etc/90-omnibus-gitlab-kernel.sem.conf] updated file contents /opt/gitlab/embedded/etc/90-omnibus-gitlab-kernel.sem.conf
[2016-10-23T15:01:37+00:00] INFO: file[/opt/gitlab/embedded/etc/90-omnibus-gitlab-kernel.sem.conf] sending run action to execute[load sysctl conf] (immediate)
[2016-10-23T15:01:37+00:00] INFO: execute[load sysctl conf] ran successfully
[2016-10-23T15:01:37+00:00] INFO: link[/etc/sysctl.d/90-omnibus-gitlab-kernel.sem.conf] created
[2016-10-23T15:01:40+00:00] INFO: execute[/opt/gitlab/embedded/bin/initdb -D /var/opt/gitlab/postgresql/data -E UTF8] ran successfully
[2016-10-23T15:01:40+00:00] INFO: template[/var/opt/gitlab/postgresql/data/postgresql.conf] backed up to /opt/gitlab/embedded/cookbooks/cache/backup/var/opt/gitlab/postgresql/data/postgresql.conf.chef-20161023150140.117164
[2016-10-23T15:01:40+00:00] INFO: template[/var/opt/gitlab/postgresql/data/postgresql.conf] updated file contents /var/opt/gitlab/postgresql/data/postgresql.conf
[2016-10-23T15:01:40+00:00] INFO: template[/var/opt/gitlab/postgresql/data/postgresql.conf] mode changed to 644
[2016-10-23T15:01:40+00:00] INFO: template[/var/opt/gitlab/postgresql/data/pg_hba.conf] backed up to /opt/gitlab/embedded/cookbooks/cache/backup/var/opt/gitlab/postgresql/data/pg_hba.conf.chef-20161023150140.124883
[2016-10-23T15:01:40+00:00] INFO: template[/var/opt/gitlab/postgresql/data/pg_hba.conf] updated file contents /var/opt/gitlab/postgresql/data/pg_hba.conf
[2016-10-23T15:01:40+00:00] INFO: template[/var/opt/gitlab/postgresql/data/pg_hba.conf] mode changed to 644
[2016-10-23T15:01:40+00:00] INFO: template[/var/opt/gitlab/postgresql/data/pg_ident.conf] backed up to /opt/gitlab/embedded/cookbooks/cache/backup/var/opt/gitlab/postgresql/data/pg_ident.conf.chef-20161023150140.131381
[2016-10-23T15:01:40+00:00] INFO: template[/var/opt/gitlab/postgresql/data/pg_ident.conf] updated file contents /var/opt/gitlab/postgresql/data/pg_ident.conf
[2016-10-23T15:01:40+00:00] INFO: template[/var/opt/gitlab/postgresql/data/pg_ident.conf] mode changed to 644
[2016-10-23T15:01:40+00:00] INFO: directory[/opt/gitlab/sv/postgresql] created directory /opt/gitlab/sv/postgresql
[2016-10-23T15:01:40+00:00] INFO: directory[/opt/gitlab/sv/postgresql] owner changed to 0
[2016-10-23T15:01:40+00:00] INFO: directory[/opt/gitlab/sv/postgresql] group changed to 0
[2016-10-23T15:01:40+00:00] INFO: directory[/opt/gitlab/sv/postgresql] mode changed to 755
[2016-10-23T15:01:40+00:00] INFO: directory[/opt/gitlab/sv/postgresql/log] created directory /opt/gitlab/sv/postgresql/log
[2016-10-23T15:01:40+00:00] INFO: directory[/opt/gitlab/sv/postgresql/log] owner changed to 0
[2016-10-23T15:01:40+00:00] INFO: directory[/opt/gitlab/sv/postgresql/log] group changed to 0
[2016-10-23T15:01:40+00:00] INFO: directory[/opt/gitlab/sv/postgresql/log] mode changed to 755
[2016-10-23T15:01:40+00:00] INFO: directory[/opt/gitlab/sv/postgresql/log/main] created directory /opt/gitlab/sv/postgresql/log/main
[2016-10-23T15:01:40+00:00] INFO: directory[/opt/gitlab/sv/postgresql/log/main] owner changed to 0
[2016-10-23T15:01:40+00:00] INFO: directory[/opt/gitlab/sv/postgresql/log/main] group changed to 0
[2016-10-23T15:01:40+00:00] INFO: directory[/opt/gitlab/sv/postgresql/log/main] mode changed to 755
[2016-10-23T15:01:40+00:00] INFO: template[/opt/gitlab/sv/postgresql/run] created file /opt/gitlab/sv/postgresql/run
[2016-10-23T15:01:40+00:00] INFO: template[/opt/gitlab/sv/postgresql/run] updated file contents /opt/gitlab/sv/postgresql/run
[2016-10-23T15:01:40+00:00] INFO: template[/opt/gitlab/sv/postgresql/run] owner changed to 0
[2016-10-23T15:01:40+00:00] INFO: template[/opt/gitlab/sv/postgresql/run] group changed to 0
[2016-10-23T15:01:40+00:00] INFO: template[/opt/gitlab/sv/postgresql/run] mode changed to 755
[2016-10-23T15:01:40+00:00] INFO: template[/opt/gitlab/sv/postgresql/log/run] created file /opt/gitlab/sv/postgresql/log/run
[2016-10-23T15:01:40+00:00] INFO: template[/opt/gitlab/sv/postgresql/log/run] updated file contents /opt/gitlab/sv/postgresql/log/run
[2016-10-23T15:01:40+00:00] INFO: template[/opt/gitlab/sv/postgresql/log/run] owner changed to 0
[2016-10-23T15:01:40+00:00] INFO: template[/opt/gitlab/sv/postgresql/log/run] group changed to 0
[2016-10-23T15:01:40+00:00] INFO: template[/opt/gitlab/sv/postgresql/log/run] mode changed to 755
[2016-10-23T15:01:40+00:00] INFO: template[/var/log/gitlab/postgresql/config] created file /var/log/gitlab/postgresql/config
[2016-10-23T15:01:40+00:00] INFO: template[/var/log/gitlab/postgresql/config] updated file contents /var/log/gitlab/postgresql/config
[2016-10-23T15:01:40+00:00] INFO: template[/var/log/gitlab/postgresql/config] owner changed to 0
[2016-10-23T15:01:40+00:00] INFO: template[/var/log/gitlab/postgresql/config] group changed to 0
[2016-10-23T15:01:40+00:00] INFO: directory[/opt/gitlab/sv/postgresql/control] created directory /opt/gitlab/sv/postgresql/control
[2016-10-23T15:01:40+00:00] INFO: directory[/opt/gitlab/sv/postgresql/control] owner changed to 0
[2016-10-23T15:01:40+00:00] INFO: directory[/opt/gitlab/sv/postgresql/control] group changed to 0
[2016-10-23T15:01:40+00:00] INFO: directory[/opt/gitlab/sv/postgresql/control] mode changed to 755
[2016-10-23T15:01:40+00:00] INFO: template[/opt/gitlab/sv/postgresql/control/t] created file /opt/gitlab/sv/postgresql/control/t
[2016-10-23T15:01:40+00:00] INFO: template[/opt/gitlab/sv/postgresql/control/t] updated file contents /opt/gitlab/sv/postgresql/control/t
[2016-10-23T15:01:40+00:00] INFO: template[/opt/gitlab/sv/postgresql/control/t] owner changed to 0
[2016-10-23T15:01:40+00:00] INFO: template[/opt/gitlab/sv/postgresql/control/t] group changed to 0
[2016-10-23T15:01:40+00:00] INFO: template[/opt/gitlab/sv/postgresql/control/t] mode changed to 755
[2016-10-23T15:01:40+00:00] INFO: link[/opt/gitlab/init/postgresql] created
[2016-10-23T15:01:40+00:00] INFO: link[/opt/gitlab/service/postgresql] created
[2016-10-23T15:01:44+00:00] INFO: ruby_block[supervise_postgresql_sleep] called
[2016-10-23T15:01:44+00:00] INFO: execute[/opt/gitlab/bin/gitlab-ctl start postgresql] ran successfully
[2016-10-23T15:01:44+00:00] INFO: template[/opt/gitlab/etc/gitlab-psql-rc] created file /opt/gitlab/etc/gitlab-psql-rc
[2016-10-23T15:01:44+00:00] INFO: template[/opt/gitlab/etc/gitlab-psql-rc] updated file contents /opt/gitlab/etc/gitlab-psql-rc
[2016-10-23T15:01:44+00:00] INFO: template[/opt/gitlab/etc/gitlab-psql-rc] owner changed to 0
[2016-10-23T15:01:44+00:00] INFO: template[/opt/gitlab/etc/gitlab-psql-rc] group changed to 0
[2016-10-23T15:01:44+00:00] INFO: execute[create gitlab database user] ran successfully
[2016-10-23T15:01:46+00:00] INFO: execute[create gitlabhq_production database] ran successfully
[2016-10-23T15:01:46+00:00] INFO: execute[create gitlabhq_production database] sending run action to execute[initialize gitlab-rails database] (immediate)
[2016-10-23T15:01:46+00:00] INFO: execute[initialize gitlab-rails database] running why-run run action to support before action
[2016-10-23T15:01:46+00:00] INFO: execute[initialize gitlab-rails database] sending run action to execute[enable pg_trgm extension] (before)
[2016-10-23T15:01:46+00:00] INFO: execute[enable pg_trgm extension] ran successfully
[2016-10-23T15:02:17+00:00] INFO: execute[initialize gitlab-rails database] ran successfully
[2016-10-23T15:02:17+00:00] INFO: execute[create gitlab_replicator replication user] ran successfully
[2016-10-23T15:02:17+00:00] INFO: directory[/var/log/gitlab/unicorn] created directory /var/log/gitlab/unicorn
[2016-10-23T15:02:17+00:00] INFO: directory[/var/log/gitlab/unicorn] owner changed to 998
[2016-10-23T15:02:17+00:00] INFO: directory[/var/log/gitlab/unicorn] mode changed to 700
[2016-10-23T15:02:17+00:00] INFO: directory[/opt/gitlab/var/unicorn] created directory /opt/gitlab/var/unicorn
[2016-10-23T15:02:17+00:00] INFO: directory[/opt/gitlab/var/unicorn] owner changed to 998
[2016-10-23T15:02:17+00:00] INFO: directory[/opt/gitlab/var/unicorn] mode changed to 700
[2016-10-23T15:02:17+00:00] INFO: directory[/var/opt/gitlab/gitlab-rails/sockets] created directory /var/opt/gitlab/gitlab-rails/sockets
[2016-10-23T15:02:17+00:00] INFO: directory[/var/opt/gitlab/gitlab-rails/sockets] owner changed to 998
[2016-10-23T15:02:17+00:00] INFO: directory[/var/opt/gitlab/gitlab-rails/sockets] group changed to 999
[2016-10-23T15:02:17+00:00] INFO: directory[/var/opt/gitlab/gitlab-rails/sockets] mode changed to 750
[2016-10-23T15:02:17+00:00] INFO: template[/var/opt/gitlab/gitlab-rails/etc/unicorn.rb] created file /var/opt/gitlab/gitlab-rails/etc/unicorn.rb
[2016-10-23T15:02:17+00:00] INFO: template[/var/opt/gitlab/gitlab-rails/etc/unicorn.rb] updated file contents /var/opt/gitlab/gitlab-rails/etc/unicorn.rb
[2016-10-23T15:02:17+00:00] INFO: template[/var/opt/gitlab/gitlab-rails/etc/unicorn.rb] owner changed to 0
[2016-10-23T15:02:17+00:00] INFO: template[/var/opt/gitlab/gitlab-rails/etc/unicorn.rb] group changed to 0
[2016-10-23T15:02:17+00:00] INFO: template[/var/opt/gitlab/gitlab-rails/etc/unicorn.rb] mode changed to 644
[2016-10-23T15:02:17+00:00] INFO: directory[/opt/gitlab/sv/unicorn] created directory /opt/gitlab/sv/unicorn
[2016-10-23T15:02:17+00:00] INFO: directory[/opt/gitlab/sv/unicorn] owner changed to 0
[2016-10-23T15:02:17+00:00] INFO: directory[/opt/gitlab/sv/unicorn] group changed to 0
[2016-10-23T15:02:17+00:00] INFO: directory[/opt/gitlab/sv/unicorn] mode changed to 755
[2016-10-23T15:02:17+00:00] INFO: directory[/opt/gitlab/sv/unicorn/log] created directory /opt/gitlab/sv/unicorn/log
[2016-10-23T15:02:17+00:00] INFO: directory[/opt/gitlab/sv/unicorn/log] owner changed to 0
[2016-10-23T15:02:17+00:00] INFO: directory[/opt/gitlab/sv/unicorn/log] group changed to 0
[2016-10-23T15:02:17+00:00] INFO: directory[/opt/gitlab/sv/unicorn/log] mode changed to 755
[2016-10-23T15:02:17+00:00] INFO: directory[/opt/gitlab/sv/unicorn/log/main] created directory /opt/gitlab/sv/unicorn/log/main
[2016-10-23T15:02:17+00:00] INFO: directory[/opt/gitlab/sv/unicorn/log/main] owner changed to 0
[2016-10-23T15:02:17+00:00] INFO: directory[/opt/gitlab/sv/unicorn/log/main] group changed to 0
[2016-10-23T15:02:17+00:00] INFO: directory[/opt/gitlab/sv/unicorn/log/main] mode changed to 755
[2016-10-23T15:02:17+00:00] INFO: template[/opt/gitlab/sv/unicorn/run] created file /opt/gitlab/sv/unicorn/run
[2016-10-23T15:02:17+00:00] INFO: template[/opt/gitlab/sv/unicorn/run] updated file contents /opt/gitlab/sv/unicorn/run
[2016-10-23T15:02:17+00:00] INFO: template[/opt/gitlab/sv/unicorn/run] owner changed to 0
[2016-10-23T15:02:17+00:00] INFO: template[/opt/gitlab/sv/unicorn/run] group changed to 0
[2016-10-23T15:02:17+00:00] INFO: template[/opt/gitlab/sv/unicorn/run] mode changed to 755
[2016-10-23T15:02:17+00:00] INFO: template[/opt/gitlab/sv/unicorn/log/run] created file /opt/gitlab/sv/unicorn/log/run
[2016-10-23T15:02:17+00:00] INFO: template[/opt/gitlab/sv/unicorn/log/run] updated file contents /opt/gitlab/sv/unicorn/log/run
[2016-10-23T15:02:17+00:00] INFO: template[/opt/gitlab/sv/unicorn/log/run] owner changed to 0
[2016-10-23T15:02:17+00:00] INFO: template[/opt/gitlab/sv/unicorn/log/run] group changed to 0
[2016-10-23T15:02:17+00:00] INFO: template[/opt/gitlab/sv/unicorn/log/run] mode changed to 755
[2016-10-23T15:02:17+00:00] INFO: template[/var/log/gitlab/unicorn/config] created file /var/log/gitlab/unicorn/config
[2016-10-23T15:02:17+00:00] INFO: template[/var/log/gitlab/unicorn/config] updated file contents /var/log/gitlab/unicorn/config
[2016-10-23T15:02:17+00:00] INFO: template[/var/log/gitlab/unicorn/config] owner changed to 0
[2016-10-23T15:02:17+00:00] INFO: template[/var/log/gitlab/unicorn/config] group changed to 0
[2016-10-23T15:02:17+00:00] INFO: directory[/opt/gitlab/sv/unicorn/control] created directory /opt/gitlab/sv/unicorn/control
[2016-10-23T15:02:17+00:00] INFO: directory[/opt/gitlab/sv/unicorn/control] owner changed to 0
[2016-10-23T15:02:17+00:00] INFO: directory[/opt/gitlab/sv/unicorn/control] group changed to 0
[2016-10-23T15:02:17+00:00] INFO: directory[/opt/gitlab/sv/unicorn/control] mode changed to 755
[2016-10-23T15:02:17+00:00] INFO: template[/opt/gitlab/sv/unicorn/control/t] created file /opt/gitlab/sv/unicorn/control/t
[2016-10-23T15:02:17+00:00] INFO: template[/opt/gitlab/sv/unicorn/control/t] updated file contents /opt/gitlab/sv/unicorn/control/t
[2016-10-23T15:02:17+00:00] INFO: template[/opt/gitlab/sv/unicorn/control/t] owner changed to 0
[2016-10-23T15:02:17+00:00] INFO: template[/opt/gitlab/sv/unicorn/control/t] group changed to 0
[2016-10-23T15:02:17+00:00] INFO: template[/opt/gitlab/sv/unicorn/control/t] mode changed to 755
[2016-10-23T15:02:17+00:00] INFO: link[/opt/gitlab/init/unicorn] created
[2016-10-23T15:02:17+00:00] INFO: link[/opt/gitlab/service/unicorn] created
[2016-10-23T15:02:20+00:00] INFO: ruby_block[supervise_unicorn_sleep] called
[2016-10-23T15:02:20+00:00] INFO: execute[/opt/gitlab/bin/gitlab-ctl start unicorn] ran successfully
[2016-10-23T15:02:20+00:00] INFO: file[/opt/gitlab/embedded/etc/90-omnibus-gitlab-net.core.somaxconn.conf] created file /opt/gitlab/embedded/etc/90-omnibus-gitlab-net.core.somaxconn.conf
[2016-10-23T15:02:20+00:00] INFO: file[/opt/gitlab/embedded/etc/90-omnibus-gitlab-net.core.somaxconn.conf] updated file contents /opt/gitlab/embedded/etc/90-omnibus-gitlab-net.core.somaxconn.conf
[2016-10-23T15:02:20+00:00] INFO: file[/opt/gitlab/embedded/etc/90-omnibus-gitlab-net.core.somaxconn.conf] sending run action to execute[load sysctl conf] (immediate)
[2016-10-23T15:02:20+00:00] INFO: execute[load sysctl conf] ran successfully
[2016-10-23T15:02:20+00:00] INFO: link[/etc/sysctl.d/90-omnibus-gitlab-net.core.somaxconn.conf] created
[2016-10-23T15:02:20+00:00] INFO: directory[/var/log/gitlab/sidekiq] created directory /var/log/gitlab/sidekiq
[2016-10-23T15:02:20+00:00] INFO: directory[/var/log/gitlab/sidekiq] owner changed to 998
[2016-10-23T15:02:20+00:00] INFO: directory[/var/log/gitlab/sidekiq] mode changed to 700
[2016-10-23T15:02:20+00:00] INFO: directory[/opt/gitlab/sv/sidekiq] created directory /opt/gitlab/sv/sidekiq
[2016-10-23T15:02:20+00:00] INFO: directory[/opt/gitlab/sv/sidekiq] owner changed to 0
[2016-10-23T15:02:20+00:00] INFO: directory[/opt/gitlab/sv/sidekiq] group changed to 0
[2016-10-23T15:02:20+00:00] INFO: directory[/opt/gitlab/sv/sidekiq] mode changed to 755
[2016-10-23T15:02:20+00:00] INFO: directory[/opt/gitlab/sv/sidekiq/log] created directory /opt/gitlab/sv/sidekiq/log
[2016-10-23T15:02:20+00:00] INFO: directory[/opt/gitlab/sv/sidekiq/log] owner changed to 0
[2016-10-23T15:02:20+00:00] INFO: directory[/opt/gitlab/sv/sidekiq/log] group changed to 0
[2016-10-23T15:02:20+00:00] INFO: directory[/opt/gitlab/sv/sidekiq/log] mode changed to 755
[2016-10-23T15:02:20+00:00] INFO: directory[/opt/gitlab/sv/sidekiq/log/main] created directory /opt/gitlab/sv/sidekiq/log/main
[2016-10-23T15:02:20+00:00] INFO: directory[/opt/gitlab/sv/sidekiq/log/main] owner changed to 0
[2016-10-23T15:02:20+00:00] INFO: directory[/opt/gitlab/sv/sidekiq/log/main] group changed to 0
[2016-10-23T15:02:20+00:00] INFO: directory[/opt/gitlab/sv/sidekiq/log/main] mode changed to 755
[2016-10-23T15:02:20+00:00] INFO: template[/opt/gitlab/sv/sidekiq/run] created file /opt/gitlab/sv/sidekiq/run
[2016-10-23T15:02:20+00:00] INFO: template[/opt/gitlab/sv/sidekiq/run] updated file contents /opt/gitlab/sv/sidekiq/run
[2016-10-23T15:02:20+00:00] INFO: template[/opt/gitlab/sv/sidekiq/run] owner changed to 0
[2016-10-23T15:02:20+00:00] INFO: template[/opt/gitlab/sv/sidekiq/run] group changed to 0
[2016-10-23T15:02:20+00:00] INFO: template[/opt/gitlab/sv/sidekiq/run] mode changed to 755
[2016-10-23T15:02:20+00:00] INFO: template[/opt/gitlab/sv/sidekiq/log/run] created file /opt/gitlab/sv/sidekiq/log/run
[2016-10-23T15:02:20+00:00] INFO: template[/opt/gitlab/sv/sidekiq/log/run] updated file contents /opt/gitlab/sv/sidekiq/log/run
[2016-10-23T15:02:20+00:00] INFO: template[/opt/gitlab/sv/sidekiq/log/run] owner changed to 0
[2016-10-23T15:02:20+00:00] INFO: template[/opt/gitlab/sv/sidekiq/log/run] group changed to 0
[2016-10-23T15:02:20+00:00] INFO: template[/opt/gitlab/sv/sidekiq/log/run] mode changed to 755
[2016-10-23T15:02:20+00:00] INFO: template[/var/log/gitlab/sidekiq/config] created file /var/log/gitlab/sidekiq/config
[2016-10-23T15:02:20+00:00] INFO: template[/var/log/gitlab/sidekiq/config] updated file contents /var/log/gitlab/sidekiq/config
[2016-10-23T15:02:20+00:00] INFO: template[/var/log/gitlab/sidekiq/config] owner changed to 0
[2016-10-23T15:02:20+00:00] INFO: template[/var/log/gitlab/sidekiq/config] group changed to 0
[2016-10-23T15:02:20+00:00] INFO: link[/opt/gitlab/init/sidekiq] created
[2016-10-23T15:02:20+00:00] INFO: link[/opt/gitlab/service/sidekiq] created
[2016-10-23T15:02:22+00:00] INFO: ruby_block[supervise_sidekiq_sleep] called
[2016-10-23T15:02:22+00:00] INFO: execute[/opt/gitlab/bin/gitlab-ctl start sidekiq] ran successfully
[2016-10-23T15:02:22+00:00] INFO: directory[/var/opt/gitlab/gitlab-workhorse] created directory /var/opt/gitlab/gitlab-workhorse
[2016-10-23T15:02:22+00:00] INFO: directory[/var/opt/gitlab/gitlab-workhorse] owner changed to 998
[2016-10-23T15:02:22+00:00] INFO: directory[/var/opt/gitlab/gitlab-workhorse] group changed to 999
[2016-10-23T15:02:22+00:00] INFO: directory[/var/opt/gitlab/gitlab-workhorse] mode changed to 750
[2016-10-23T15:02:22+00:00] INFO: directory[/var/log/gitlab/gitlab-workhorse] created directory /var/log/gitlab/gitlab-workhorse
[2016-10-23T15:02:22+00:00] INFO: directory[/var/log/gitlab/gitlab-workhorse] owner changed to 998
[2016-10-23T15:02:22+00:00] INFO: directory[/var/log/gitlab/gitlab-workhorse] mode changed to 700
[2016-10-23T15:02:22+00:00] INFO: directory[/opt/gitlab/etc/gitlab-workhorse] created directory /opt/gitlab/etc/gitlab-workhorse
[2016-10-23T15:02:22+00:00] INFO: directory[/opt/gitlab/etc/gitlab-workhorse] owner changed to 998
[2016-10-23T15:02:22+00:00] INFO: directory[/opt/gitlab/etc/gitlab-workhorse] mode changed to 700
[2016-10-23T15:02:22+00:00] INFO: directory[/opt/gitlab/etc/gitlab-workhorse/env] created directory /opt/gitlab/etc/gitlab-workhorse/env
[2016-10-23T15:02:22+00:00] INFO: file[/opt/gitlab/etc/gitlab-workhorse/env/PATH] created file /opt/gitlab/etc/gitlab-workhorse/env/PATH
[2016-10-23T15:02:22+00:00] INFO: file[/opt/gitlab/etc/gitlab-workhorse/env/PATH] updated file contents /opt/gitlab/etc/gitlab-workhorse/env/PATH
[2016-10-23T15:02:22+00:00] INFO: directory[/opt/gitlab/sv/gitlab-workhorse] created directory /opt/gitlab/sv/gitlab-workhorse
[2016-10-23T15:02:22+00:00] INFO: directory[/opt/gitlab/sv/gitlab-workhorse] owner changed to 0
[2016-10-23T15:02:22+00:00] INFO: directory[/opt/gitlab/sv/gitlab-workhorse] group changed to 0
[2016-10-23T15:02:22+00:00] INFO: directory[/opt/gitlab/sv/gitlab-workhorse] mode changed to 755
[2016-10-23T15:02:22+00:00] INFO: directory[/opt/gitlab/sv/gitlab-workhorse/log] created directory /opt/gitlab/sv/gitlab-workhorse/log
[2016-10-23T15:02:22+00:00] INFO: directory[/opt/gitlab/sv/gitlab-workhorse/log] owner changed to 0
[2016-10-23T15:02:22+00:00] INFO: directory[/opt/gitlab/sv/gitlab-workhorse/log] group changed to 0
[2016-10-23T15:02:22+00:00] INFO: directory[/opt/gitlab/sv/gitlab-workhorse/log] mode changed to 755
[2016-10-23T15:02:22+00:00] INFO: directory[/opt/gitlab/sv/gitlab-workhorse/log/main] created directory /opt/gitlab/sv/gitlab-workhorse/log/main
[2016-10-23T15:02:22+00:00] INFO: directory[/opt/gitlab/sv/gitlab-workhorse/log/main] owner changed to 0
[2016-10-23T15:02:22+00:00] INFO: directory[/opt/gitlab/sv/gitlab-workhorse/log/main] group changed to 0
[2016-10-23T15:02:22+00:00] INFO: directory[/opt/gitlab/sv/gitlab-workhorse/log/main] mode changed to 755
[2016-10-23T15:02:22+00:00] INFO: template[/opt/gitlab/sv/gitlab-workhorse/run] created file /opt/gitlab/sv/gitlab-workhorse/run
[2016-10-23T15:02:22+00:00] INFO: template[/opt/gitlab/sv/gitlab-workhorse/run] updated file contents /opt/gitlab/sv/gitlab-workhorse/run
[2016-10-23T15:02:22+00:00] INFO: template[/opt/gitlab/sv/gitlab-workhorse/run] owner changed to 0
[2016-10-23T15:02:22+00:00] INFO: template[/opt/gitlab/sv/gitlab-workhorse/run] group changed to 0
[2016-10-23T15:02:22+00:00] INFO: template[/opt/gitlab/sv/gitlab-workhorse/run] mode changed to 755
[2016-10-23T15:02:22+00:00] INFO: template[/opt/gitlab/sv/gitlab-workhorse/log/run] created file /opt/gitlab/sv/gitlab-workhorse/log/run
[2016-10-23T15:02:22+00:00] INFO: template[/opt/gitlab/sv/gitlab-workhorse/log/run] updated file contents /opt/gitlab/sv/gitlab-workhorse/log/run
[2016-10-23T15:02:22+00:00] INFO: template[/opt/gitlab/sv/gitlab-workhorse/log/run] owner changed to 0
[2016-10-23T15:02:22+00:00] INFO: template[/opt/gitlab/sv/gitlab-workhorse/log/run] group changed to 0
[2016-10-23T15:02:22+00:00] INFO: template[/opt/gitlab/sv/gitlab-workhorse/log/run] mode changed to 755
[2016-10-23T15:02:22+00:00] INFO: template[/var/log/gitlab/gitlab-workhorse/config] created file /var/log/gitlab/gitlab-workhorse/config
[2016-10-23T15:02:22+00:00] INFO: template[/var/log/gitlab/gitlab-workhorse/config] updated file contents /var/log/gitlab/gitlab-workhorse/config
[2016-10-23T15:02:22+00:00] INFO: template[/var/log/gitlab/gitlab-workhorse/config] owner changed to 0
[2016-10-23T15:02:22+00:00] INFO: template[/var/log/gitlab/gitlab-workhorse/config] group changed to 0
[2016-10-23T15:02:22+00:00] INFO: link[/opt/gitlab/init/gitlab-workhorse] created
[2016-10-23T15:02:22+00:00] INFO: link[/opt/gitlab/service/gitlab-workhorse] created
[2016-10-23T15:02:28+00:00] INFO: ruby_block[supervise_gitlab-workhorse_sleep] called
[2016-10-23T15:02:28+00:00] INFO: file[/var/opt/gitlab/gitlab-workhorse/VERSION] created file /var/opt/gitlab/gitlab-workhorse/VERSION
[2016-10-23T15:02:28+00:00] INFO: file[/var/opt/gitlab/gitlab-workhorse/VERSION] updated file contents /var/opt/gitlab/gitlab-workhorse/VERSION
[2016-10-23T15:02:28+00:00] INFO: file[/var/opt/gitlab/gitlab-workhorse/VERSION] not queuing delayed action restart on service[gitlab-workhorse] (delayed), as it's already been queued
[2016-10-23T15:02:28+00:00] INFO: directory[/var/opt/gitlab/nginx] created directory /var/opt/gitlab/nginx
[2016-10-23T15:02:28+00:00] INFO: directory[/var/opt/gitlab/nginx] owner changed to 0
[2016-10-23T15:02:28+00:00] INFO: directory[/var/opt/gitlab/nginx] group changed to 999
[2016-10-23T15:02:28+00:00] INFO: directory[/var/opt/gitlab/nginx] mode changed to 750
[2016-10-23T15:02:28+00:00] INFO: directory[/var/opt/gitlab/nginx/conf] created directory /var/opt/gitlab/nginx/conf
[2016-10-23T15:02:28+00:00] INFO: directory[/var/opt/gitlab/nginx/conf] owner changed to 0
[2016-10-23T15:02:28+00:00] INFO: directory[/var/opt/gitlab/nginx/conf] group changed to 999
[2016-10-23T15:02:28+00:00] INFO: directory[/var/opt/gitlab/nginx/conf] mode changed to 750
[2016-10-23T15:02:28+00:00] INFO: directory[/var/log/gitlab/nginx] created directory /var/log/gitlab/nginx
[2016-10-23T15:02:28+00:00] INFO: directory[/var/log/gitlab/nginx] owner changed to 0
[2016-10-23T15:02:28+00:00] INFO: directory[/var/log/gitlab/nginx] group changed to 999
[2016-10-23T15:02:28+00:00] INFO: directory[/var/log/gitlab/nginx] mode changed to 750
[2016-10-23T15:02:28+00:00] INFO: link[/var/opt/gitlab/nginx/logs] created
[2016-10-23T15:02:28+00:00] INFO: template[/var/opt/gitlab/nginx/conf/gitlab-http.conf] created file /var/opt/gitlab/nginx/conf/gitlab-http.conf
[2016-10-23T15:02:28+00:00] INFO: template[/var/opt/gitlab/nginx/conf/gitlab-http.conf] updated file contents /var/opt/gitlab/nginx/conf/gitlab-http.conf
[2016-10-23T15:02:28+00:00] INFO: template[/var/opt/gitlab/nginx/conf/gitlab-http.conf] owner changed to 0
[2016-10-23T15:02:28+00:00] INFO: template[/var/opt/gitlab/nginx/conf/gitlab-http.conf] group changed to 0
[2016-10-23T15:02:28+00:00] INFO: template[/var/opt/gitlab/nginx/conf/gitlab-http.conf] mode changed to 644
[2016-10-23T15:02:28+00:00] INFO: template[/var/opt/gitlab/nginx/conf/nginx.conf] created file /var/opt/gitlab/nginx/conf/nginx.conf
[2016-10-23T15:02:28+00:00] INFO: template[/var/opt/gitlab/nginx/conf/nginx.conf] updated file contents /var/opt/gitlab/nginx/conf/nginx.conf
[2016-10-23T15:02:28+00:00] INFO: template[/var/opt/gitlab/nginx/conf/nginx.conf] owner changed to 0
[2016-10-23T15:02:28+00:00] INFO: template[/var/opt/gitlab/nginx/conf/nginx.conf] group changed to 0
[2016-10-23T15:02:28+00:00] INFO: template[/var/opt/gitlab/nginx/conf/nginx.conf] mode changed to 644
[2016-10-23T15:02:28+00:00] INFO: directory[/opt/gitlab/sv/nginx] created directory /opt/gitlab/sv/nginx
[2016-10-23T15:02:28+00:00] INFO: directory[/opt/gitlab/sv/nginx] owner changed to 0
[2016-10-23T15:02:28+00:00] INFO: directory[/opt/gitlab/sv/nginx] group changed to 0
[2016-10-23T15:02:28+00:00] INFO: directory[/opt/gitlab/sv/nginx] mode changed to 755
[2016-10-23T15:02:28+00:00] INFO: directory[/opt/gitlab/sv/nginx/log] created directory /opt/gitlab/sv/nginx/log
[2016-10-23T15:02:28+00:00] INFO: directory[/opt/gitlab/sv/nginx/log] owner changed to 0
[2016-10-23T15:02:28+00:00] INFO: directory[/opt/gitlab/sv/nginx/log] group changed to 0
[2016-10-23T15:02:28+00:00] INFO: directory[/opt/gitlab/sv/nginx/log] mode changed to 755
[2016-10-23T15:02:28+00:00] INFO: directory[/opt/gitlab/sv/nginx/log/main] created directory /opt/gitlab/sv/nginx/log/main
[2016-10-23T15:02:28+00:00] INFO: directory[/opt/gitlab/sv/nginx/log/main] owner changed to 0
[2016-10-23T15:02:28+00:00] INFO: directory[/opt/gitlab/sv/nginx/log/main] group changed to 0
[2016-10-23T15:02:28+00:00] INFO: directory[/opt/gitlab/sv/nginx/log/main] mode changed to 755
[2016-10-23T15:02:28+00:00] INFO: template[/opt/gitlab/sv/nginx/run] created file /opt/gitlab/sv/nginx/run
[2016-10-23T15:02:28+00:00] INFO: template[/opt/gitlab/sv/nginx/run] updated file contents /opt/gitlab/sv/nginx/run
[2016-10-23T15:02:28+00:00] INFO: template[/opt/gitlab/sv/nginx/run] owner changed to 0
[2016-10-23T15:02:28+00:00] INFO: template[/opt/gitlab/sv/nginx/run] group changed to 0
[2016-10-23T15:02:28+00:00] INFO: template[/opt/gitlab/sv/nginx/run] mode changed to 755
[2016-10-23T15:02:28+00:00] INFO: template[/opt/gitlab/sv/nginx/log/run] created file /opt/gitlab/sv/nginx/log/run
[2016-10-23T15:02:28+00:00] INFO: template[/opt/gitlab/sv/nginx/log/run] updated file contents /opt/gitlab/sv/nginx/log/run
[2016-10-23T15:02:28+00:00] INFO: template[/opt/gitlab/sv/nginx/log/run] owner changed to 0
[2016-10-23T15:02:28+00:00] INFO: template[/opt/gitlab/sv/nginx/log/run] group changed to 0
[2016-10-23T15:02:28+00:00] INFO: template[/opt/gitlab/sv/nginx/log/run] mode changed to 755
[2016-10-23T15:02:28+00:00] INFO: template[/var/log/gitlab/nginx/config] created file /var/log/gitlab/nginx/config
[2016-10-23T15:02:28+00:00] INFO: template[/var/log/gitlab/nginx/config] updated file contents /var/log/gitlab/nginx/config
[2016-10-23T15:02:28+00:00] INFO: template[/var/log/gitlab/nginx/config] owner changed to 0
[2016-10-23T15:02:28+00:00] INFO: template[/var/log/gitlab/nginx/config] group changed to 0
[2016-10-23T15:02:28+00:00] INFO: link[/opt/gitlab/init/nginx] created
[2016-10-23T15:02:28+00:00] INFO: link[/opt/gitlab/service/nginx] created
[2016-10-23T15:02:33+00:00] INFO: ruby_block[supervise_nginx_sleep] called
[2016-10-23T15:02:34+00:00] INFO: execute[/opt/gitlab/bin/gitlab-ctl start nginx] ran successfully
[2016-10-23T15:02:34+00:00] INFO: directory[/var/opt/gitlab/logrotate] created directory /var/opt/gitlab/logrotate
[2016-10-23T15:02:34+00:00] INFO: directory[/var/opt/gitlab/logrotate] mode changed to 700
[2016-10-23T15:02:34+00:00] INFO: directory[/var/opt/gitlab/logrotate/logrotate.d] created directory /var/opt/gitlab/logrotate/logrotate.d
[2016-10-23T15:02:34+00:00] INFO: directory[/var/opt/gitlab/logrotate/logrotate.d] mode changed to 700
[2016-10-23T15:02:34+00:00] INFO: directory[/var/log/gitlab/logrotate] created directory /var/log/gitlab/logrotate
[2016-10-23T15:02:34+00:00] INFO: directory[/var/log/gitlab/logrotate] mode changed to 700
[2016-10-23T15:02:34+00:00] INFO: template[/var/opt/gitlab/logrotate/logrotate.conf] created file /var/opt/gitlab/logrotate/logrotate.conf
[2016-10-23T15:02:34+00:00] INFO: template[/var/opt/gitlab/logrotate/logrotate.conf] updated file contents /var/opt/gitlab/logrotate/logrotate.conf
[2016-10-23T15:02:34+00:00] INFO: template[/var/opt/gitlab/logrotate/logrotate.conf] mode changed to 644
[2016-10-23T15:02:34+00:00] INFO: template[/var/opt/gitlab/logrotate/logrotate.d/nginx] created file /var/opt/gitlab/logrotate/logrotate.d/nginx
[2016-10-23T15:02:34+00:00] INFO: template[/var/opt/gitlab/logrotate/logrotate.d/nginx] updated file contents /var/opt/gitlab/logrotate/logrotate.d/nginx
[2016-10-23T15:02:34+00:00] INFO: template[/var/opt/gitlab/logrotate/logrotate.d/unicorn] created file /var/opt/gitlab/logrotate/logrotate.d/unicorn
[2016-10-23T15:02:34+00:00] INFO: template[/var/opt/gitlab/logrotate/logrotate.d/unicorn] updated file contents /var/opt/gitlab/logrotate/logrotate.d/unicorn
[2016-10-23T15:02:34+00:00] INFO: template[/var/opt/gitlab/logrotate/logrotate.d/gitlab-rails] created file /var/opt/gitlab/logrotate/logrotate.d/gitlab-rails
[2016-10-23T15:02:34+00:00] INFO: template[/var/opt/gitlab/logrotate/logrotate.d/gitlab-rails] updated file contents /var/opt/gitlab/logrotate/logrotate.d/gitlab-rails
[2016-10-23T15:02:34+00:00] INFO: template[/var/opt/gitlab/logrotate/logrotate.d/gitlab-shell] created file /var/opt/gitlab/logrotate/logrotate.d/gitlab-shell
[2016-10-23T15:02:34+00:00] INFO: template[/var/opt/gitlab/logrotate/logrotate.d/gitlab-shell] updated file contents /var/opt/gitlab/logrotate/logrotate.d/gitlab-shell
[2016-10-23T15:02:34+00:00] INFO: template[/var/opt/gitlab/logrotate/logrotate.d/gitlab-workhorse] created file /var/opt/gitlab/logrotate/logrotate.d/gitlab-workhorse
[2016-10-23T15:02:34+00:00] INFO: template[/var/opt/gitlab/logrotate/logrotate.d/gitlab-workhorse] updated file contents /var/opt/gitlab/logrotate/logrotate.d/gitlab-workhorse
[2016-10-23T15:02:34+00:00] INFO: template[/var/opt/gitlab/logrotate/logrotate.d/gitlab-pages] created file /var/opt/gitlab/logrotate/logrotate.d/gitlab-pages
[2016-10-23T15:02:34+00:00] INFO: template[/var/opt/gitlab/logrotate/logrotate.d/gitlab-pages] updated file contents /var/opt/gitlab/logrotate/logrotate.d/gitlab-pages
[2016-10-23T15:02:34+00:00] INFO: directory[/opt/gitlab/sv/logrotate] created directory /opt/gitlab/sv/logrotate
[2016-10-23T15:02:34+00:00] INFO: directory[/opt/gitlab/sv/logrotate] owner changed to 0
[2016-10-23T15:02:34+00:00] INFO: directory[/opt/gitlab/sv/logrotate] group changed to 0
[2016-10-23T15:02:34+00:00] INFO: directory[/opt/gitlab/sv/logrotate] mode changed to 755
[2016-10-23T15:02:34+00:00] INFO: directory[/opt/gitlab/sv/logrotate/log] created directory /opt/gitlab/sv/logrotate/log
[2016-10-23T15:02:34+00:00] INFO: directory[/opt/gitlab/sv/logrotate/log] owner changed to 0
[2016-10-23T15:02:34+00:00] INFO: directory[/opt/gitlab/sv/logrotate/log] group changed to 0
[2016-10-23T15:02:34+00:00] INFO: directory[/opt/gitlab/sv/logrotate/log] mode changed to 755
[2016-10-23T15:02:34+00:00] INFO: directory[/opt/gitlab/sv/logrotate/log/main] created directory /opt/gitlab/sv/logrotate/log/main
[2016-10-23T15:02:34+00:00] INFO: directory[/opt/gitlab/sv/logrotate/log/main] owner changed to 0
[2016-10-23T15:02:34+00:00] INFO: directory[/opt/gitlab/sv/logrotate/log/main] group changed to 0
[2016-10-23T15:02:34+00:00] INFO: directory[/opt/gitlab/sv/logrotate/log/main] mode changed to 755
[2016-10-23T15:02:34+00:00] INFO: template[/opt/gitlab/sv/logrotate/run] created file /opt/gitlab/sv/logrotate/run
[2016-10-23T15:02:34+00:00] INFO: template[/opt/gitlab/sv/logrotate/run] updated file contents /opt/gitlab/sv/logrotate/run
[2016-10-23T15:02:34+00:00] INFO: template[/opt/gitlab/sv/logrotate/run] owner changed to 0
[2016-10-23T15:02:34+00:00] INFO: template[/opt/gitlab/sv/logrotate/run] group changed to 0
[2016-10-23T15:02:34+00:00] INFO: template[/opt/gitlab/sv/logrotate/run] mode changed to 755
[2016-10-23T15:02:34+00:00] INFO: template[/opt/gitlab/sv/logrotate/log/run] created file /opt/gitlab/sv/logrotate/log/run
[2016-10-23T15:02:34+00:00] INFO: template[/opt/gitlab/sv/logrotate/log/run] updated file contents /opt/gitlab/sv/logrotate/log/run
[2016-10-23T15:02:34+00:00] INFO: template[/opt/gitlab/sv/logrotate/log/run] owner changed to 0
[2016-10-23T15:02:34+00:00] INFO: template[/opt/gitlab/sv/logrotate/log/run] group changed to 0
[2016-10-23T15:02:34+00:00] INFO: template[/opt/gitlab/sv/logrotate/log/run] mode changed to 755
[2016-10-23T15:02:34+00:00] INFO: template[/var/log/gitlab/logrotate/config] created file /var/log/gitlab/logrotate/config
[2016-10-23T15:02:34+00:00] INFO: template[/var/log/gitlab/logrotate/config] updated file contents /var/log/gitlab/logrotate/config
[2016-10-23T15:02:34+00:00] INFO: template[/var/log/gitlab/logrotate/config] owner changed to 0
[2016-10-23T15:02:34+00:00] INFO: template[/var/log/gitlab/logrotate/config] group changed to 0
[2016-10-23T15:02:34+00:00] INFO: directory[/opt/gitlab/sv/logrotate/control] created directory /opt/gitlab/sv/logrotate/control
[2016-10-23T15:02:34+00:00] INFO: directory[/opt/gitlab/sv/logrotate/control] owner changed to 0
[2016-10-23T15:02:34+00:00] INFO: directory[/opt/gitlab/sv/logrotate/control] group changed to 0
[2016-10-23T15:02:34+00:00] INFO: directory[/opt/gitlab/sv/logrotate/control] mode changed to 755
[2016-10-23T15:02:34+00:00] INFO: template[/opt/gitlab/sv/logrotate/control/t] created file /opt/gitlab/sv/logrotate/control/t
[2016-10-23T15:02:34+00:00] INFO: template[/opt/gitlab/sv/logrotate/control/t] updated file contents /opt/gitlab/sv/logrotate/control/t
[2016-10-23T15:02:34+00:00] INFO: template[/opt/gitlab/sv/logrotate/control/t] owner changed to 0
[2016-10-23T15:02:34+00:00] INFO: template[/opt/gitlab/sv/logrotate/control/t] group changed to 0
[2016-10-23T15:02:34+00:00] INFO: template[/opt/gitlab/sv/logrotate/control/t] mode changed to 755
[2016-10-23T15:02:34+00:00] INFO: link[/opt/gitlab/init/logrotate] created
[2016-10-23T15:02:34+00:00] INFO: link[/opt/gitlab/service/logrotate] created
[2016-10-23T15:02:36+00:00] INFO: ruby_block[supervise_logrotate_sleep] called
[2016-10-23T15:02:36+00:00] INFO: execute[/opt/gitlab/bin/gitlab-ctl start logrotate] ran successfully
[2016-10-23T15:02:36+00:00] INFO: file[/var/opt/gitlab/bootstrapped] created file /var/opt/gitlab/bootstrapped
[2016-10-23T15:02:36+00:00] INFO: file[/var/opt/gitlab/bootstrapped] updated file contents /var/opt/gitlab/bootstrapped
[2016-10-23T15:02:36+00:00] INFO: file[/var/opt/gitlab/bootstrapped] owner changed to 0
[2016-10-23T15:02:36+00:00] INFO: file[/var/opt/gitlab/bootstrapped] group changed to 0
[2016-10-23T15:02:36+00:00] INFO: file[/var/opt/gitlab/bootstrapped] mode changed to 600
[2016-10-23T15:02:36+00:00] INFO: execute[initialize gitlab-rails database] running why-run nothing action to support before action
[2016-10-23T15:02:36+00:00] INFO: bash[migrate gitlab-rails database] running why-run run action to support before action
[2016-10-23T15:02:36+00:00] INFO: bash[migrate gitlab-rails database] sending run action to execute[enable pg_trgm extension] (before)
[2016-10-23T15:02:36+00:00] INFO: execute[enable pg_trgm extension] ran successfully
[2016-10-23T15:03:12+00:00] INFO: bash[migrate gitlab-rails database] ran successfully
[2016-10-23T15:03:12+00:00] INFO: bash[migrate gitlab-rails database] sending run action to execute[clear the gitlab-rails cache] (immediate)
[2016-10-23T15:03:24+00:00] INFO: execute[clear the gitlab-rails cache] ran successfully
[2016-10-23T15:03:24+00:00] INFO: template[/var/opt/gitlab/gitlab-rails/etc/gitlab.yml] sending run action to execute[clear the gitlab-rails cache] (delayed)
[2016-10-23T15:03:36+00:00] INFO: execute[clear the gitlab-rails cache] ran successfully
[2016-10-23T15:03:36+00:00] INFO: file[/var/opt/gitlab/gitlab-rails/RUBY_VERSION] sending restart action to service[unicorn] (delayed)
[2016-10-23T15:03:36+00:00] INFO: service[unicorn] restarted
[2016-10-23T15:03:36+00:00] INFO: template[/var/log/gitlab/redis/config] sending create action to ruby_block[reload redis svlogd configuration] (delayed)
[2016-10-23T15:03:36+00:00] INFO: ruby_block[reload redis svlogd configuration] called
[2016-10-23T15:03:36+00:00] INFO: template[/var/log/gitlab/postgresql/config] sending create action to ruby_block[reload postgresql svlogd configuration] (delayed)
[2016-10-23T15:03:36+00:00] INFO: ruby_block[reload postgresql svlogd configuration] called
[2016-10-23T15:03:36+00:00] INFO: template[/var/log/gitlab/unicorn/config] sending create action to ruby_block[reload unicorn svlogd configuration] (delayed)
[2016-10-23T15:03:36+00:00] INFO: ruby_block[reload unicorn svlogd configuration] called
[2016-10-23T15:03:36+00:00] INFO: template[/var/log/gitlab/sidekiq/config] sending create action to ruby_block[reload sidekiq svlogd configuration] (delayed)
[2016-10-23T15:03:36+00:00] INFO: ruby_block[reload sidekiq svlogd configuration] called
[2016-10-23T15:03:36+00:00] INFO: file[/opt/gitlab/etc/gitlab-workhorse/env/PATH] sending restart action to service[gitlab-workhorse] (delayed)
[2016-10-23T15:03:36+00:00] INFO: service[gitlab-workhorse] restarted
[2016-10-23T15:03:36+00:00] INFO: template[/var/log/gitlab/gitlab-workhorse/config] sending create action to ruby_block[reload gitlab-workhorse svlogd configuration] (delayed)
[2016-10-23T15:03:36+00:00] INFO: ruby_block[reload gitlab-workhorse svlogd configuration] called
[2016-10-23T15:03:36+00:00] INFO: template[/var/log/gitlab/nginx/config] sending create action to ruby_block[reload nginx svlogd configuration] (delayed)
[2016-10-23T15:03:36+00:00] INFO: ruby_block[reload nginx svlogd configuration] called
[2016-10-23T15:03:36+00:00] INFO: template[/var/log/gitlab/logrotate/config] sending create action to ruby_block[reload logrotate svlogd configuration] (delayed)
[2016-10-23T15:03:36+00:00] INFO: ruby_block[reload logrotate svlogd configuration] called
[2016-10-23T15:03:36+00:00] INFO: Chef Run complete in 125.785137933 seconds
[2016-10-23T15:03:36+00:00] INFO: Running report handlers
[2016-10-23T15:03:36+00:00] INFO: Report handlers complete
