# Logfile created on 2016-10-24 11:13:49 +0000 by logger.rb/44203
[2016-10-24T11:13:49+00:00] INFO: Started chef-zero at chefzero://localhost:8889 with repository at /opt/gitlab/embedded
  One version per cookbook

[2016-10-24T11:13:49+00:00] INFO: Forking chef instance to converge...
[2016-10-24T11:13:49+00:00] INFO: *** Chef 12.6.0 ***
[2016-10-24T11:13:49+00:00] INFO: Chef-client pid: 25
[2016-10-24T11:13:50+00:00] WARN: unable to detect ipaddress
[2016-10-24T11:13:51+00:00] INFO: HTTP Request Returned 404 Not Found: Object not found: chefzero://localhost:8889/nodes/7ffb0bd9015c
[2016-10-24T11:13:51+00:00] INFO: Setting the run_list to ["recipe[gitlab]"] from CLI options
[2016-10-24T11:13:51+00:00] INFO: Run List is [recipe[gitlab]]
[2016-10-24T11:13:51+00:00] INFO: Run List expands to [gitlab]
[2016-10-24T11:13:51+00:00] INFO: Starting Chef Run for 7ffb0bd9015c
[2016-10-24T11:13:51+00:00] INFO: Running start handlers
[2016-10-24T11:13:51+00:00] INFO: Start handlers complete.
[2016-10-24T11:13:51+00:00] INFO: HTTP Request Returned 404 Not Found: Object not found: 
[2016-10-24T11:13:51+00:00] INFO: Loading cookbooks [gitlab@0.0.1, runit@0.14.2, package@0.0.0]
[2016-10-24T11:13:53+00:00] WARN: Cloning resource attributes for directory[/var/opt/gitlab] from prior resource (CHEF-3694)
[2016-10-24T11:13:53+00:00] WARN: Previous directory[/var/opt/gitlab]: /opt/gitlab/embedded/cookbooks/cache/cookbooks/gitlab/recipes/default.rb:43:in `from_file'
[2016-10-24T11:13:53+00:00] WARN: Current  directory[/var/opt/gitlab]: /opt/gitlab/embedded/cookbooks/cache/cookbooks/gitlab/recipes/users.rb:24:in `from_file'
[2016-10-24T11:13:53+00:00] WARN: Skipped selecting an init system because it looks like we are running in a container
[2016-10-24T11:13:53+00:00] WARN: Cloning resource attributes for directory[/etc/sysctl.d] from prior resource (CHEF-3694)
[2016-10-24T11:13:53+00:00] WARN: Previous directory[/etc/sysctl.d]: /opt/gitlab/embedded/cookbooks/cache/cookbooks/gitlab/definitions/sysctl.rb:22:in `block in from_file'
[2016-10-24T11:13:53+00:00] WARN: Current  directory[/etc/sysctl.d]: /opt/gitlab/embedded/cookbooks/cache/cookbooks/gitlab/definitions/sysctl.rb:22:in `block in from_file'
[2016-10-24T11:13:53+00:00] WARN: Cloning resource attributes for file[/etc/sysctl.d/90-postgresql.conf] from prior resource (CHEF-3694)
[2016-10-24T11:13:53+00:00] WARN: Previous file[/etc/sysctl.d/90-postgresql.conf]: /opt/gitlab/embedded/cookbooks/cache/cookbooks/gitlab/definitions/sysctl.rb:45:in `block (2 levels) in from_file'
[2016-10-24T11:13:53+00:00] WARN: Current  file[/etc/sysctl.d/90-postgresql.conf]: /opt/gitlab/embedded/cookbooks/cache/cookbooks/gitlab/definitions/sysctl.rb:45:in `block (2 levels) in from_file'
[2016-10-24T11:13:53+00:00] WARN: Cloning resource attributes for file[/etc/sysctl.d/90-unicorn.conf] from prior resource (CHEF-3694)
[2016-10-24T11:13:53+00:00] WARN: Previous file[/etc/sysctl.d/90-unicorn.conf]: /opt/gitlab/embedded/cookbooks/cache/cookbooks/gitlab/definitions/sysctl.rb:45:in `block (2 levels) in from_file'
[2016-10-24T11:13:53+00:00] WARN: Current  file[/etc/sysctl.d/90-unicorn.conf]: /opt/gitlab/embedded/cookbooks/cache/cookbooks/gitlab/definitions/sysctl.rb:45:in `block (2 levels) in from_file'
[2016-10-24T11:13:53+00:00] WARN: Cloning resource attributes for file[/opt/gitlab/embedded/etc/90-omnibus-gitlab.conf] from prior resource (CHEF-3694)
[2016-10-24T11:13:53+00:00] WARN: Previous file[/opt/gitlab/embedded/etc/90-omnibus-gitlab.conf]: /opt/gitlab/embedded/cookbooks/cache/cookbooks/gitlab/definitions/sysctl.rb:45:in `block (2 levels) in from_file'
[2016-10-24T11:13:53+00:00] WARN: Current  file[/opt/gitlab/embedded/etc/90-omnibus-gitlab.conf]: /opt/gitlab/embedded/cookbooks/cache/cookbooks/gitlab/definitions/sysctl.rb:45:in `block (2 levels) in from_file'
[2016-10-24T11:13:53+00:00] WARN: Cloning resource attributes for file[/etc/sysctl.d/90-omnibus-gitlab.conf] from prior resource (CHEF-3694)
[2016-10-24T11:13:53+00:00] WARN: Previous file[/etc/sysctl.d/90-omnibus-gitlab.conf]: /opt/gitlab/embedded/cookbooks/cache/cookbooks/gitlab/definitions/sysctl.rb:45:in `block (2 levels) in from_file'
[2016-10-24T11:13:53+00:00] WARN: Current  file[/etc/sysctl.d/90-omnibus-gitlab.conf]: /opt/gitlab/embedded/cookbooks/cache/cookbooks/gitlab/definitions/sysctl.rb:45:in `block (2 levels) in from_file'
[2016-10-24T11:13:53+00:00] WARN: Cloning resource attributes for execute[load sysctl conf] from prior resource (CHEF-3694)
[2016-10-24T11:13:53+00:00] WARN: Previous execute[load sysctl conf]: /opt/gitlab/embedded/cookbooks/cache/cookbooks/gitlab/definitions/sysctl.rb:52:in `block in from_file'
[2016-10-24T11:13:53+00:00] WARN: Current  execute[load sysctl conf]: /opt/gitlab/embedded/cookbooks/cache/cookbooks/gitlab/definitions/sysctl.rb:52:in `block in from_file'
[2016-10-24T11:13:53+00:00] WARN: Cloning resource attributes for directory[/etc/sysctl.d] from prior resource (CHEF-3694)
[2016-10-24T11:13:53+00:00] WARN: Previous directory[/etc/sysctl.d]: /opt/gitlab/embedded/cookbooks/cache/cookbooks/gitlab/definitions/sysctl.rb:22:in `block in from_file'
[2016-10-24T11:13:53+00:00] WARN: Current  directory[/etc/sysctl.d]: /opt/gitlab/embedded/cookbooks/cache/cookbooks/gitlab/definitions/sysctl.rb:22:in `block in from_file'
[2016-10-24T11:13:53+00:00] WARN: Cloning resource attributes for file[/etc/sysctl.d/90-postgresql.conf] from prior resource (CHEF-3694)
[2016-10-24T11:13:53+00:00] WARN: Previous file[/etc/sysctl.d/90-postgresql.conf]: /opt/gitlab/embedded/cookbooks/cache/cookbooks/gitlab/definitions/sysctl.rb:45:in `block (2 levels) in from_file'
[2016-10-24T11:13:53+00:00] WARN: Current  file[/etc/sysctl.d/90-postgresql.conf]: /opt/gitlab/embedded/cookbooks/cache/cookbooks/gitlab/definitions/sysctl.rb:45:in `block (2 levels) in from_file'
[2016-10-24T11:13:53+00:00] WARN: Cloning resource attributes for file[/etc/sysctl.d/90-unicorn.conf] from prior resource (CHEF-3694)
[2016-10-24T11:13:53+00:00] WARN: Previous file[/etc/sysctl.d/90-unicorn.conf]: /opt/gitlab/embedded/cookbooks/cache/cookbooks/gitlab/definitions/sysctl.rb:45:in `block (2 levels) in from_file'
[2016-10-24T11:13:53+00:00] WARN: Current  file[/etc/sysctl.d/90-unicorn.conf]: /opt/gitlab/embedded/cookbooks/cache/cookbooks/gitlab/definitions/sysctl.rb:45:in `block (2 levels) in from_file'
[2016-10-24T11:13:53+00:00] WARN: Cloning resource attributes for file[/opt/gitlab/embedded/etc/90-omnibus-gitlab.conf] from prior resource (CHEF-3694)
[2016-10-24T11:13:53+00:00] WARN: Previous file[/opt/gitlab/embedded/etc/90-omnibus-gitlab.conf]: /opt/gitlab/embedded/cookbooks/cache/cookbooks/gitlab/definitions/sysctl.rb:45:in `block (2 levels) in from_file'
[2016-10-24T11:13:53+00:00] WARN: Current  file[/opt/gitlab/embedded/etc/90-omnibus-gitlab.conf]: /opt/gitlab/embedded/cookbooks/cache/cookbooks/gitlab/definitions/sysctl.rb:45:in `block (2 levels) in from_file'
[2016-10-24T11:13:53+00:00] WARN: Cloning resource attributes for file[/etc/sysctl.d/90-omnibus-gitlab.conf] from prior resource (CHEF-3694)
[2016-10-24T11:13:53+00:00] WARN: Previous file[/etc/sysctl.d/90-omnibus-gitlab.conf]: /opt/gitlab/embedded/cookbooks/cache/cookbooks/gitlab/definitions/sysctl.rb:45:in `block (2 levels) in from_file'
[2016-10-24T11:13:53+00:00] WARN: Current  file[/etc/sysctl.d/90-omnibus-gitlab.conf]: /opt/gitlab/embedded/cookbooks/cache/cookbooks/gitlab/definitions/sysctl.rb:45:in `block (2 levels) in from_file'
[2016-10-24T11:13:53+00:00] WARN: Cloning resource attributes for execute[load sysctl conf] from prior resource (CHEF-3694)
[2016-10-24T11:13:53+00:00] WARN: Previous execute[load sysctl conf]: /opt/gitlab/embedded/cookbooks/cache/cookbooks/gitlab/definitions/sysctl.rb:52:in `block in from_file'
[2016-10-24T11:13:53+00:00] WARN: Current  execute[load sysctl conf]: /opt/gitlab/embedded/cookbooks/cache/cookbooks/gitlab/definitions/sysctl.rb:52:in `block in from_file'
[2016-10-24T11:13:53+00:00] WARN: Cloning resource attributes for directory[/var/opt/gitlab/gitlab-rails/etc] from prior resource (CHEF-3694)
[2016-10-24T11:13:53+00:00] WARN: Previous directory[/var/opt/gitlab/gitlab-rails/etc]: /opt/gitlab/embedded/cookbooks/cache/cookbooks/gitlab/recipes/gitlab-rails.rb:91:in `block in from_file'
[2016-10-24T11:13:53+00:00] WARN: Current  directory[/var/opt/gitlab/gitlab-rails/etc]: /opt/gitlab/embedded/cookbooks/cache/cookbooks/gitlab/definitions/unicorn_config.rb:21:in `block in from_file'
[2016-10-24T11:13:53+00:00] WARN: Cloning resource attributes for service[unicorn] from prior resource (CHEF-3694)
[2016-10-24T11:13:53+00:00] WARN: Previous service[unicorn]: /opt/gitlab/embedded/cookbooks/cache/cookbooks/gitlab/recipes/default.rb:91:in `block in from_file'
[2016-10-24T11:13:53+00:00] WARN: Current  service[unicorn]: /opt/gitlab/embedded/cookbooks/cache/cookbooks/runit/definitions/runit_service.rb:191:in `block in from_file'
[2016-10-24T11:13:53+00:00] WARN: Cloning resource attributes for directory[/etc/sysctl.d] from prior resource (CHEF-3694)
[2016-10-24T11:13:53+00:00] WARN: Previous directory[/etc/sysctl.d]: /opt/gitlab/embedded/cookbooks/cache/cookbooks/gitlab/definitions/sysctl.rb:22:in `block in from_file'
[2016-10-24T11:13:53+00:00] WARN: Current  directory[/etc/sysctl.d]: /opt/gitlab/embedded/cookbooks/cache/cookbooks/gitlab/definitions/sysctl.rb:22:in `block in from_file'
[2016-10-24T11:13:53+00:00] WARN: Cloning resource attributes for file[/etc/sysctl.d/90-postgresql.conf] from prior resource (CHEF-3694)
[2016-10-24T11:13:53+00:00] WARN: Previous file[/etc/sysctl.d/90-postgresql.conf]: /opt/gitlab/embedded/cookbooks/cache/cookbooks/gitlab/definitions/sysctl.rb:45:in `block (2 levels) in from_file'
[2016-10-24T11:13:53+00:00] WARN: Current  file[/etc/sysctl.d/90-postgresql.conf]: /opt/gitlab/embedded/cookbooks/cache/cookbooks/gitlab/definitions/sysctl.rb:45:in `block (2 levels) in from_file'
[2016-10-24T11:13:53+00:00] WARN: Cloning resource attributes for file[/etc/sysctl.d/90-unicorn.conf] from prior resource (CHEF-3694)
[2016-10-24T11:13:53+00:00] WARN: Previous file[/etc/sysctl.d/90-unicorn.conf]: /opt/gitlab/embedded/cookbooks/cache/cookbooks/gitlab/definitions/sysctl.rb:45:in `block (2 levels) in from_file'
[2016-10-24T11:13:53+00:00] WARN: Current  file[/etc/sysctl.d/90-unicorn.conf]: /opt/gitlab/embedded/cookbooks/cache/cookbooks/gitlab/definitions/sysctl.rb:45:in `block (2 levels) in from_file'
[2016-10-24T11:13:53+00:00] WARN: Cloning resource attributes for file[/opt/gitlab/embedded/etc/90-omnibus-gitlab.conf] from prior resource (CHEF-3694)
[2016-10-24T11:13:53+00:00] WARN: Previous file[/opt/gitlab/embedded/etc/90-omnibus-gitlab.conf]: /opt/gitlab/embedded/cookbooks/cache/cookbooks/gitlab/definitions/sysctl.rb:45:in `block (2 levels) in from_file'
[2016-10-24T11:13:53+00:00] WARN: Current  file[/opt/gitlab/embedded/etc/90-omnibus-gitlab.conf]: /opt/gitlab/embedded/cookbooks/cache/cookbooks/gitlab/definitions/sysctl.rb:45:in `block (2 levels) in from_file'
[2016-10-24T11:13:53+00:00] WARN: Cloning resource attributes for file[/etc/sysctl.d/90-omnibus-gitlab.conf] from prior resource (CHEF-3694)
[2016-10-24T11:13:53+00:00] WARN: Previous file[/etc/sysctl.d/90-omnibus-gitlab.conf]: /opt/gitlab/embedded/cookbooks/cache/cookbooks/gitlab/definitions/sysctl.rb:45:in `block (2 levels) in from_file'
[2016-10-24T11:13:53+00:00] WARN: Current  file[/etc/sysctl.d/90-omnibus-gitlab.conf]: /opt/gitlab/embedded/cookbooks/cache/cookbooks/gitlab/definitions/sysctl.rb:45:in `block (2 levels) in from_file'
[2016-10-24T11:13:53+00:00] WARN: Cloning resource attributes for execute[load sysctl conf] from prior resource (CHEF-3694)
[2016-10-24T11:13:53+00:00] WARN: Previous execute[load sysctl conf]: /opt/gitlab/embedded/cookbooks/cache/cookbooks/gitlab/definitions/sysctl.rb:52:in `block in from_file'
[2016-10-24T11:13:53+00:00] WARN: Current  execute[load sysctl conf]: /opt/gitlab/embedded/cookbooks/cache/cookbooks/gitlab/definitions/sysctl.rb:52:in `block in from_file'
[2016-10-24T11:13:53+00:00] WARN: Cloning resource attributes for service[sidekiq] from prior resource (CHEF-3694)
[2016-10-24T11:13:53+00:00] WARN: Previous service[sidekiq]: /opt/gitlab/embedded/cookbooks/cache/cookbooks/gitlab/recipes/default.rb:91:in `block in from_file'
[2016-10-24T11:13:53+00:00] WARN: Current  service[sidekiq]: /opt/gitlab/embedded/cookbooks/cache/cookbooks/runit/definitions/runit_service.rb:191:in `block in from_file'
[2016-10-24T11:13:54+00:00] INFO: execute[chown -R root:root /opt/gitlab/embedded/service/gitlab-rails/public] ran successfully
[2016-10-24T11:13:54+00:00] INFO: link[/opt/gitlab/service/redis] created
[2016-10-24T11:13:54+00:00] INFO: template[/var/opt/gitlab/postgresql/data/postgresql.conf] backed up to /opt/gitlab/embedded/cookbooks/cache/backup/var/opt/gitlab/postgresql/data/postgresql.conf.chef-20161024111354.309533
[2016-10-24T11:13:54+00:00] INFO: template[/var/opt/gitlab/postgresql/data/postgresql.conf] updated file contents /var/opt/gitlab/postgresql/data/postgresql.conf
[2016-10-24T11:13:54+00:00] INFO: link[/opt/gitlab/service/postgresql] created
[2016-10-24T11:13:54+00:00] INFO: link[/opt/gitlab/service/unicorn] created
[2016-10-24T11:13:54+00:00] INFO: link[/opt/gitlab/service/sidekiq] created
[2016-10-24T11:13:54+00:00] INFO: link[/opt/gitlab/service/gitlab-workhorse] created
[2016-10-24T11:13:54+00:00] INFO: link[/opt/gitlab/service/nginx] created
[2016-10-24T11:13:54+00:00] INFO: link[/opt/gitlab/service/logrotate] created
[2016-10-24T11:13:54+00:00] INFO: execute[initialize gitlab-rails database] running why-run nothing action to support before action
[2016-10-24T11:13:54+00:00] INFO: bash[migrate gitlab-rails database] running why-run run action to support before action
[2016-10-24T11:13:55+00:00] INFO: Chef Run complete in 3.708416026 seconds
[2016-10-24T11:13:55+00:00] INFO: Running report handlers
[2016-10-24T11:13:55+00:00] INFO: Report handlers complete
